This is pdfTeX, Version 3.14159265-2.6-1.40.16 (TeX Live 2015/Debian) (preloaded format=pdflatex 2017.9.7)  22 APR 2018 19:15
entering extended mode
 \write18 enabled.
 file:line:error style messages enabled.
 %&-line parsing enabled.
**\input informe.tex
(./informe.tex (/usr/share/texlive/texmf-dist/tex/latex/base/article.cls
Document Class: article 2014/09/29 v1.4h Standard LaTeX document class
(/usr/share/texlive/texmf-dist/tex/latex/base/size12.clo
File: size12.clo 2014/09/29 v1.4h Standard LaTeX file (size option)
)
\c@part=\count79
\c@section=\count80
\c@subsection=\count81
\c@subsubsection=\count82
\c@paragraph=\count83
\c@subparagraph=\count84
\c@figure=\count85
\c@table=\count86
\abovecaptionskip=\skip41
\belowcaptionskip=\skip42
\bibindent=\dimen102
)
(/usr/share/texlive/texmf-dist/tex/latex/base/inputenc.sty
Package: inputenc 2015/03/17 v1.2c Input encoding file
\inpenc@prehook=\toks14
\inpenc@posthook=\toks15

(/usr/share/texlive/texmf-dist/tex/latex/base/utf8.def
File: utf8.def 2015/12/03 v1.1r UTF-8 support for inputenc
Now handling font encoding OML ...
... no UTF-8 mapping file for font encoding OML
Now handling font encoding T1 ...
... processing UTF-8 mapping file for font encoding T1

(/usr/share/texlive/texmf-dist/tex/latex/base/t1enc.dfu
File: t1enc.dfu 2015/12/03 v1.1r UTF-8 support for inputenc
   defining Unicode char U+00A0 (decimal 160)
   defining Unicode char U+00A1 (decimal 161)
   defining Unicode char U+00A3 (decimal 163)
   defining Unicode char U+00AB (decimal 171)
   defining Unicode char U+00AD (decimal 173)
   defining Unicode char U+00BB (decimal 187)
   defining Unicode char U+00BF (decimal 191)
   defining Unicode char U+00C0 (decimal 192)
   defining Unicode char U+00C1 (decimal 193)
   defining Unicode char U+00C2 (decimal 194)
   defining Unicode char U+00C3 (decimal 195)
   defining Unicode char U+00C4 (decimal 196)
   defining Unicode char U+00C5 (decimal 197)
   defining Unicode char U+00C6 (decimal 198)
   defining Unicode char U+00C7 (decimal 199)
   defining Unicode char U+00C8 (decimal 200)
   defining Unicode char U+00C9 (decimal 201)
   defining Unicode char U+00CA (decimal 202)
   defining Unicode char U+00CB (decimal 203)
   defining Unicode char U+00CC (decimal 204)
   defining Unicode char U+00CD (decimal 205)
   defining Unicode char U+00CE (decimal 206)
   defining Unicode char U+00CF (decimal 207)
   defining Unicode char U+00D0 (decimal 208)
   defining Unicode char U+00D1 (decimal 209)
   defining Unicode char U+00D2 (decimal 210)
   defining Unicode char U+00D3 (decimal 211)
   defining Unicode char U+00D4 (decimal 212)
   defining Unicode char U+00D5 (decimal 213)
   defining Unicode char U+00D6 (decimal 214)
   defining Unicode char U+00D8 (decimal 216)
   defining Unicode char U+00D9 (decimal 217)
   defining Unicode char U+00DA (decimal 218)
   defining Unicode char U+00DB (decimal 219)
   defining Unicode char U+00DC (decimal 220)
   defining Unicode char U+00DD (decimal 221)
   defining Unicode char U+00DE (decimal 222)
   defining Unicode char U+00DF (decimal 223)
   defining Unicode char U+00E0 (decimal 224)
   defining Unicode char U+00E1 (decimal 225)
   defining Unicode char U+00E2 (decimal 226)
   defining Unicode char U+00E3 (decimal 227)
   defining Unicode char U+00E4 (decimal 228)
   defining Unicode char U+00E5 (decimal 229)
   defining Unicode char U+00E6 (decimal 230)
   defining Unicode char U+00E7 (decimal 231)
   defining Unicode char U+00E8 (decimal 232)
   defining Unicode char U+00E9 (decimal 233)
   defining Unicode char U+00EA (decimal 234)
   defining Unicode char U+00EB (decimal 235)
   defining Unicode char U+00EC (decimal 236)
   defining Unicode char U+00ED (decimal 237)
   defining Unicode char U+00EE (decimal 238)
   defining Unicode char U+00EF (decimal 239)
   defining Unicode char U+00F0 (decimal 240)
   defining Unicode char U+00F1 (decimal 241)
   defining Unicode char U+00F2 (decimal 242)
   defining Unicode char U+00F3 (decimal 243)
   defining Unicode char U+00F4 (decimal 244)
   defining Unicode char U+00F5 (decimal 245)
   defining Unicode char U+00F6 (decimal 246)
   defining Unicode char U+00F8 (decimal 248)
   defining Unicode char U+00F9 (decimal 249)
   defining Unicode char U+00FA (decimal 250)
   defining Unicode char U+00FB (decimal 251)
   defining Unicode char U+00FC (decimal 252)
   defining Unicode char U+00FD (decimal 253)
   defining Unicode char U+00FE (decimal 254)
   defining Unicode char U+00FF (decimal 255)
   defining Unicode char U+0100 (decimal 256)
   defining Unicode char U+0101 (decimal 257)
   defining Unicode char U+0102 (decimal 258)
   defining Unicode char U+0103 (decimal 259)
   defining Unicode char U+0104 (decimal 260)
   defining Unicode char U+0105 (decimal 261)
   defining Unicode char U+0106 (decimal 262)
   defining Unicode char U+0107 (decimal 263)
   defining Unicode char U+0108 (decimal 264)
   defining Unicode char U+0109 (decimal 265)
   defining Unicode char U+010A (decimal 266)
   defining Unicode char U+010B (decimal 267)
   defining Unicode char U+010C (decimal 268)
   defining Unicode char U+010D (decimal 269)
   defining Unicode char U+010E (decimal 270)
   defining Unicode char U+010F (decimal 271)
   defining Unicode char U+0110 (decimal 272)
   defining Unicode char U+0111 (decimal 273)
   defining Unicode char U+0112 (decimal 274)
   defining Unicode char U+0113 (decimal 275)
   defining Unicode char U+0114 (decimal 276)
   defining Unicode char U+0115 (decimal 277)
   defining Unicode char U+0116 (decimal 278)
   defining Unicode char U+0117 (decimal 279)
   defining Unicode char U+0118 (decimal 280)
   defining Unicode char U+0119 (decimal 281)
   defining Unicode char U+011A (decimal 282)
   defining Unicode char U+011B (decimal 283)
   defining Unicode char U+011C (decimal 284)
   defining Unicode char U+011D (decimal 285)
   defining Unicode char U+011E (decimal 286)
   defining Unicode char U+011F (decimal 287)
   defining Unicode char U+0120 (decimal 288)
   defining Unicode char U+0121 (decimal 289)
   defining Unicode char U+0122 (decimal 290)
   defining Unicode char U+0123 (decimal 291)
   defining Unicode char U+0124 (decimal 292)
   defining Unicode char U+0125 (decimal 293)
   defining Unicode char U+0128 (decimal 296)
   defining Unicode char U+0129 (decimal 297)
   defining Unicode char U+012A (decimal 298)
   defining Unicode char U+012B (decimal 299)
   defining Unicode char U+012C (decimal 300)
   defining Unicode char U+012D (decimal 301)
   defining Unicode char U+012E (decimal 302)
   defining Unicode char U+012F (decimal 303)
   defining Unicode char U+0130 (decimal 304)
   defining Unicode char U+0131 (decimal 305)
   defining Unicode char U+0132 (decimal 306)
   defining Unicode char U+0133 (decimal 307)
   defining Unicode char U+0134 (decimal 308)
   defining Unicode char U+0135 (decimal 309)
   defining Unicode char U+0136 (decimal 310)
   defining Unicode char U+0137 (decimal 311)
   defining Unicode char U+0139 (decimal 313)
   defining Unicode char U+013A (decimal 314)
   defining Unicode char U+013B (decimal 315)
   defining Unicode char U+013C (decimal 316)
   defining Unicode char U+013D (decimal 317)
   defining Unicode char U+013E (decimal 318)
   defining Unicode char U+0141 (decimal 321)
   defining Unicode char U+0142 (decimal 322)
   defining Unicode char U+0143 (decimal 323)
   defining Unicode char U+0144 (decimal 324)
   defining Unicode char U+0145 (decimal 325)
   defining Unicode char U+0146 (decimal 326)
   defining Unicode char U+0147 (decimal 327)
   defining Unicode char U+0148 (decimal 328)
   defining Unicode char U+014A (decimal 330)
   defining Unicode char U+014B (decimal 331)
   defining Unicode char U+014C (decimal 332)
   defining Unicode char U+014D (decimal 333)
   defining Unicode char U+014E (decimal 334)
   defining Unicode char U+014F (decimal 335)
   defining Unicode char U+0150 (decimal 336)
   defining Unicode char U+0151 (decimal 337)
   defining Unicode char U+0152 (decimal 338)
   defining Unicode char U+0153 (decimal 339)
   defining Unicode char U+0154 (decimal 340)
   defining Unicode char U+0155 (decimal 341)
   defining Unicode char U+0156 (decimal 342)
   defining Unicode char U+0157 (decimal 343)
   defining Unicode char U+0158 (decimal 344)
   defining Unicode char U+0159 (decimal 345)
   defining Unicode char U+015A (decimal 346)
   defining Unicode char U+015B (decimal 347)
   defining Unicode char U+015C (decimal 348)
   defining Unicode char U+015D (decimal 349)
   defining Unicode char U+015E (decimal 350)
   defining Unicode char U+015F (decimal 351)
   defining Unicode char U+0160 (decimal 352)
   defining Unicode char U+0161 (decimal 353)
   defining Unicode char U+0162 (decimal 354)
   defining Unicode char U+0163 (decimal 355)
   defining Unicode char U+0164 (decimal 356)
   defining Unicode char U+0165 (decimal 357)
   defining Unicode char U+0168 (decimal 360)
   defining Unicode char U+0169 (decimal 361)
   defining Unicode char U+016A (decimal 362)
   defining Unicode char U+016B (decimal 363)
   defining Unicode char U+016C (decimal 364)
   defining Unicode char U+016D (decimal 365)
   defining Unicode char U+016E (decimal 366)
   defining Unicode char U+016F (decimal 367)
   defining Unicode char U+0170 (decimal 368)
   defining Unicode char U+0171 (decimal 369)
   defining Unicode char U+0172 (decimal 370)
   defining Unicode char U+0173 (decimal 371)
   defining Unicode char U+0174 (decimal 372)
   defining Unicode char U+0175 (decimal 373)
   defining Unicode char U+0176 (decimal 374)
   defining Unicode char U+0177 (decimal 375)
   defining Unicode char U+0178 (decimal 376)
   defining Unicode char U+0179 (decimal 377)
   defining Unicode char U+017A (decimal 378)
   defining Unicode char U+017B (decimal 379)
   defining Unicode char U+017C (decimal 380)
   defining Unicode char U+017D (decimal 381)
   defining Unicode char U+017E (decimal 382)
   defining Unicode char U+01CD (decimal 461)
   defining Unicode char U+01CE (decimal 462)
   defining Unicode char U+01CF (decimal 463)
   defining Unicode char U+01D0 (decimal 464)
   defining Unicode char U+01D1 (decimal 465)
   defining Unicode char U+01D2 (decimal 466)
   defining Unicode char U+01D3 (decimal 467)
   defining Unicode char U+01D4 (decimal 468)
   defining Unicode char U+01E2 (decimal 482)
   defining Unicode char U+01E3 (decimal 483)
   defining Unicode char U+01E6 (decimal 486)
   defining Unicode char U+01E7 (decimal 487)
   defining Unicode char U+01E8 (decimal 488)
   defining Unicode char U+01E9 (decimal 489)
   defining Unicode char U+01EA (decimal 490)
   defining Unicode char U+01EB (decimal 491)
   defining Unicode char U+01F0 (decimal 496)
   defining Unicode char U+01F4 (decimal 500)
   defining Unicode char U+01F5 (decimal 501)
   defining Unicode char U+0218 (decimal 536)
   defining Unicode char U+0219 (decimal 537)
   defining Unicode char U+021A (decimal 538)
   defining Unicode char U+021B (decimal 539)
   defining Unicode char U+01E02 (decimal 7682)
   defining Unicode char U+01E03 (decimal 7683)
   defining Unicode char U+200C (decimal 8204)
   defining Unicode char U+2013 (decimal 8211)
   defining Unicode char U+2014 (decimal 8212)
   defining Unicode char U+2018 (decimal 8216)
   defining Unicode char U+2019 (decimal 8217)
   defining Unicode char U+201A (decimal 8218)
   defining Unicode char U+201C (decimal 8220)
   defining Unicode char U+201D (decimal 8221)
   defining Unicode char U+201E (decimal 8222)
   defining Unicode char U+2030 (decimal 8240)
   defining Unicode char U+2031 (decimal 8241)
   defining Unicode char U+2039 (decimal 8249)
   defining Unicode char U+203A (decimal 8250)
   defining Unicode char U+2423 (decimal 9251)
)
Now handling font encoding OT1 ...
... processing UTF-8 mapping file for font encoding OT1

(/usr/share/texlive/texmf-dist/tex/latex/base/ot1enc.dfu
File: ot1enc.dfu 2015/12/03 v1.1r UTF-8 support for inputenc
   defining Unicode char U+00A0 (decimal 160)
   defining Unicode char U+00A1 (decimal 161)
   defining Unicode char U+00A3 (decimal 163)
   defining Unicode char U+00AD (decimal 173)
   defining Unicode char U+00B8 (decimal 184)
   defining Unicode char U+00BF (decimal 191)
   defining Unicode char U+00C5 (decimal 197)
   defining Unicode char U+00C6 (decimal 198)
   defining Unicode char U+00D8 (decimal 216)
   defining Unicode char U+00DF (decimal 223)
   defining Unicode char U+00E6 (decimal 230)
   defining Unicode char U+00EC (decimal 236)
   defining Unicode char U+00ED (decimal 237)
   defining Unicode char U+00EE (decimal 238)
   defining Unicode char U+00EF (decimal 239)
   defining Unicode char U+00F8 (decimal 248)
   defining Unicode char U+0131 (decimal 305)
   defining Unicode char U+0141 (decimal 321)
   defining Unicode char U+0142 (decimal 322)
   defining Unicode char U+0152 (decimal 338)
   defining Unicode char U+0153 (decimal 339)
   defining Unicode char U+0174 (decimal 372)
   defining Unicode char U+0175 (decimal 373)
   defining Unicode char U+0176 (decimal 374)
   defining Unicode char U+0177 (decimal 375)
   defining Unicode char U+0218 (decimal 536)
   defining Unicode char U+0219 (decimal 537)
   defining Unicode char U+021A (decimal 538)
   defining Unicode char U+021B (decimal 539)
   defining Unicode char U+2013 (decimal 8211)
   defining Unicode char U+2014 (decimal 8212)
   defining Unicode char U+2018 (decimal 8216)
   defining Unicode char U+2019 (decimal 8217)
   defining Unicode char U+201C (decimal 8220)
   defining Unicode char U+201D (decimal 8221)
)
Now handling font encoding OMS ...
... processing UTF-8 mapping file for font encoding OMS

(/usr/share/texlive/texmf-dist/tex/latex/base/omsenc.dfu
File: omsenc.dfu 2015/12/03 v1.1r UTF-8 support for inputenc
   defining Unicode char U+00A7 (decimal 167)
   defining Unicode char U+00B6 (decimal 182)
   defining Unicode char U+00B7 (decimal 183)
   defining Unicode char U+2020 (decimal 8224)
   defining Unicode char U+2021 (decimal 8225)
   defining Unicode char U+2022 (decimal 8226)
)
Now handling font encoding OMX ...
... no UTF-8 mapping file for font encoding OMX
Now handling font encoding U ...
... no UTF-8 mapping file for font encoding U
   defining Unicode char U+00A9 (decimal 169)
   defining Unicode char U+00AA (decimal 170)
   defining Unicode char U+00AE (decimal 174)
   defining Unicode char U+00BA (decimal 186)
   defining Unicode char U+02C6 (decimal 710)
   defining Unicode char U+02DC (decimal 732)
   defining Unicode char U+200C (decimal 8204)
   defining Unicode char U+2026 (decimal 8230)
   defining Unicode char U+2122 (decimal 8482)
   defining Unicode char U+2423 (decimal 9251)
))
(/usr/share/texlive/texmf-dist/tex/generic/babel/babel.sty
Package: babel 2016/02/24 3.9q The Babel package

(/usr/share/texlive/texmf-dist/tex/generic/babel-spanish/spanish.ldf
Language: spanish.ldf 2016/01/15 v5.0o Spanish support from the babel system

(/usr/share/texlive/texmf-dist/tex/generic/babel/babel.def
File: babel.def 2016/02/24 3.9q Babel common definitions
\babel@savecnt=\count87
\U@D=\dimen103
)
\es@quottoks=\toks16
\es@quotdepth=\count88
Package babel Info: Making " an active character on input line 533.
Package babel Info: Making . an active character on input line 634.
Package babel Info: Making < an active character on input line 679.
Package babel Info: Making > an active character on input line 679.
))
(/usr/share/texlive/texmf-dist/tex/latex/preprint/authblk.sty
Package: authblk 2001/02/27 1.3 (PWD)
\affilsep=\skip43
\@affilsep=\skip44
\c@Maxaffil=\count89
\c@authors=\count90
\c@affil=\count91
)
(/usr/share/texlive/texmf-dist/tex/latex/geometry/geometry.sty
Package: geometry 2010/09/12 v5.6 Page Geometry

(/usr/share/texlive/texmf-dist/tex/latex/graphics/keyval.sty
Package: keyval 2014/10/28 v1.15 key=value parser (DPC)
\KV@toks@=\toks17
)
(/usr/share/texlive/texmf-dist/tex/generic/oberdiek/ifpdf.sty
Package: ifpdf 2011/01/30 v2.3 Provides the ifpdf switch (HO)
Package ifpdf Info: pdfTeX in PDF mode is detected.
)
(/usr/share/texlive/texmf-dist/tex/generic/oberdiek/ifvtex.sty
Package: ifvtex 2010/03/01 v1.5 Detect VTeX and its facilities (HO)
Package ifvtex Info: VTeX not detected.
)
(/usr/share/texlive/texmf-dist/tex/generic/ifxetex/ifxetex.sty
Package: ifxetex 2010/09/12 v0.6 Provides ifxetex conditional
)
\Gm@cnth=\count92
\Gm@cntv=\count93
\c@Gm@tempcnt=\count94
\Gm@bindingoffset=\dimen104
\Gm@wd@mp=\dimen105
\Gm@odd@mp=\dimen106
\Gm@even@mp=\dimen107
\Gm@layoutwidth=\dimen108
\Gm@layoutheight=\dimen109
\Gm@layouthoffset=\dimen110
\Gm@layoutvoffset=\dimen111
\Gm@dimlist=\toks18
)
(/usr/share/texlive/texmf-dist/tex/latex/tools/enumerate.sty
Package: enumerate 2015/07/23 v3.00 enumerate extensions (DPC)
\@enLab=\toks19
)
(/usr/share/texlive/texmf-dist/tex/latex/multirow/multirow.sty
\bigstrutjot=\dimen112
)
(/usr/share/texlive/texmf-dist/tex/latex/tools/hhline.sty
Package: hhline 2014/10/28 v2.03 Table rule package (DPC)
)
(/usr/share/texlive/texmf-dist/tex/latex/tools/longtable.sty
Package: longtable 2014/10/28 v4.11 Multi-page Table package (DPC)
\LTleft=\skip45
\LTright=\skip46
\LTpre=\skip47
\LTpost=\skip48
\LTchunksize=\count95
\LTcapwidth=\dimen113
\LT@head=\box26
\LT@firsthead=\box27
\LT@foot=\box28
\LT@lastfoot=\box29
\LT@cols=\count96
\LT@rows=\count97
\c@LT@tables=\count98
\c@LT@chunks=\count99
\LT@p@ftn=\toks20
)
(/usr/share/texlive/texmf-dist/tex/latex/adjustbox/adjustbox.sty
Package: adjustbox 2012/05/21 v1.0 Adjusting TeX boxes (trim, clip, ...)

(/usr/share/texlive/texmf-dist/tex/latex/xkeyval/xkeyval.sty
Package: xkeyval 2014/12/03 v2.7a package option processing (HA)

(/usr/share/texlive/texmf-dist/tex/generic/xkeyval/xkeyval.tex
(/usr/share/texlive/texmf-dist/tex/generic/xkeyval/xkvutils.tex
\XKV@toks=\toks21
\XKV@tempa@toks=\toks22
)
\XKV@depth=\count100
File: xkeyval.tex 2014/12/03 v2.7a key=value parser (HA)
))
(/usr/share/texlive/texmf-dist/tex/latex/adjustbox/adjcalc.sty
Package: adjcalc 2012/05/16 v1.1 Provides advanced setlength with multiple back
-ends (calc, etex, pgfmath)
)
(/usr/share/texlive/texmf-dist/tex/latex/adjustbox/trimclip.sty
Package: trimclip 2012/05/16 v1.0 Trim and clip general TeX material

(/usr/share/texlive/texmf-dist/tex/latex/graphics/graphicx.sty
Package: graphicx 2014/10/28 v1.0g Enhanced LaTeX Graphics (DPC,SPQR)

(/usr/share/texlive/texmf-dist/tex/latex/graphics/graphics.sty
Package: graphics 2016/01/03 v1.0q Standard LaTeX Graphics (DPC,SPQR)

(/usr/share/texlive/texmf-dist/tex/latex/graphics/trig.sty
Package: trig 2016/01/03 v1.10 sin cos tan (DPC)
)
(/usr/share/texlive/texmf-dist/tex/latex/latexconfig/graphics.cfg
File: graphics.cfg 2010/04/23 v1.9 graphics configuration of TeX Live
)
Package graphics Info: Driver file: pdftex.def on input line 95.

(/usr/share/texlive/texmf-dist/tex/latex/pdftex-def/pdftex.def
File: pdftex.def 2011/05/27 v0.06d Graphics/color for pdfTeX

(/usr/share/texlive/texmf-dist/tex/generic/oberdiek/infwarerr.sty
Package: infwarerr 2010/04/08 v1.3 Providing info/warning/error messages (HO)
)
(/usr/share/texlive/texmf-dist/tex/generic/oberdiek/ltxcmds.sty
Package: ltxcmds 2011/11/09 v1.22 LaTeX kernel commands for general use (HO)
)
\Gread@gobject=\count101
))
\Gin@req@height=\dimen114
\Gin@req@width=\dimen115
)
(/usr/share/texlive/texmf-dist/tex/latex/collectbox/collectbox.sty
Package: collectbox 2012/05/17 v0.4b Collect macro arguments as boxes
\collectedbox=\box30
)
\tc@llx=\dimen116
\tc@lly=\dimen117
\tc@urx=\dimen118
\tc@ury=\dimen119
Package trimclip Info: Using driver 'tc-pdftex.def'.

(/usr/share/texlive/texmf-dist/tex/latex/adjustbox/tc-pdftex.def
File: tc-pdftex.def 2012/05/13 v1.0 Clipping driver for pdftex
))
\adjbox@Width=\dimen120
\adjbox@Height=\dimen121
\adjbox@Depth=\dimen122
\adjbox@Totalheight=\dimen123

(/usr/share/texlive/texmf-dist/tex/latex/ifoddpage/ifoddpage.sty
Package: ifoddpage 2011/09/13 v1.0 Conditionals for odd/even page detection
\c@checkoddpage=\count102
)
(/usr/share/texlive/texmf-dist/tex/latex/varwidth/varwidth.sty
Package: varwidth 2009/03/30 ver 0.92;  Variable-width minipages
\@vwid@box=\box31
\sift@deathcycles=\count103
\@vwid@loff=\dimen124
\@vwid@roff=\dimen125
))
(/usr/share/texlive/texmf-dist/tex/latex/multirow/bigstrut.sty)
(/usr/share/texlive/texmf-dist/tex/latex/tabulary/tabulary.sty
Package: tabulary 2014/06/11 v0.10 tabulary package (DPC)

(/usr/share/texlive/texmf-dist/tex/latex/tools/array.sty
Package: array 2014/10/28 v2.4c Tabular extension package (FMi)
\col@sep=\dimen126
\extrarowheight=\dimen127
\NC@list=\toks23
\extratabsurround=\skip49
\backup@length=\skip50
)
\TY@count=\count104
\TY@linewidth=\dimen128
\tymin=\dimen129
\tymax=\dimen130
\TY@tablewidth=\dimen131
)
(/usr/share/texlive/texmf-dist/tex/latex/float/float.sty
Package: float 2001/11/08 v1.3d Float enhancements (AL)
\c@float@type=\count105
\float@exts=\toks24
\float@box=\box32
\@float@everytoks=\toks25
\@floatcapt=\box33
)
(/usr/share/texlive/texmf-dist/tex/latex/hyperref/hyperref.sty
Package: hyperref 2012/11/06 v6.83m Hypertext links for LaTeX

(/usr/share/texlive/texmf-dist/tex/generic/oberdiek/hobsub-hyperref.sty
Package: hobsub-hyperref 2012/05/28 v1.13 Bundle oberdiek, subset hyperref (HO)


(/usr/share/texlive/texmf-dist/tex/generic/oberdiek/hobsub-generic.sty
Package: hobsub-generic 2012/05/28 v1.13 Bundle oberdiek, subset generic (HO)
Package: hobsub 2012/05/28 v1.13 Construct package bundles (HO)
Package hobsub Info: Skipping package `infwarerr' (already loaded).
Package hobsub Info: Skipping package `ltxcmds' (already loaded).
Package: ifluatex 2010/03/01 v1.3 Provides the ifluatex switch (HO)
Package ifluatex Info: LuaTeX not detected.
Package hobsub Info: Skipping package `ifvtex' (already loaded).
Package: intcalc 2007/09/27 v1.1 Expandable calculations with integers (HO)
Package hobsub Info: Skipping package `ifpdf' (already loaded).
Package: etexcmds 2011/02/16 v1.5 Avoid name clashes with e-TeX commands (HO)
Package etexcmds Info: Could not find \expanded.
(etexcmds)             That can mean that you are not using pdfTeX 1.50 or
(etexcmds)             that some package has redefined \expanded.
(etexcmds)             In the latter case, load this package earlier.
Package: kvsetkeys 2012/04/25 v1.16 Key value parser (HO)
Package: kvdefinekeys 2011/04/07 v1.3 Define keys (HO)
Package: pdftexcmds 2011/11/29 v0.20 Utility functions of pdfTeX for LuaTeX (HO
)
Package pdftexcmds Info: LuaTeX not detected.
Package pdftexcmds Info: \pdf@primitive is available.
Package pdftexcmds Info: \pdf@ifprimitive is available.
Package pdftexcmds Info: \pdfdraftmode found.
Package: pdfescape 2011/11/25 v1.13 Implements pdfTeX's escape features (HO)
Package: bigintcalc 2012/04/08 v1.3 Expandable calculations on big integers (HO
)
Package: bitset 2011/01/30 v1.1 Handle bit-vector datatype (HO)
Package: uniquecounter 2011/01/30 v1.2 Provide unlimited unique counter (HO)
)
Package hobsub Info: Skipping package `hobsub' (already loaded).
Package: letltxmacro 2010/09/02 v1.4 Let assignment for LaTeX macros (HO)
Package: hopatch 2012/05/28 v1.2 Wrapper for package hooks (HO)
Package: xcolor-patch 2011/01/30 xcolor patch
Package: atveryend 2011/06/30 v1.8 Hooks at the very end of document (HO)
Package atveryend Info: \enddocument detected (standard20110627).
Package: atbegshi 2011/10/05 v1.16 At begin shipout hook (HO)
Package: refcount 2011/10/16 v3.4 Data extraction from label references (HO)
Package: hycolor 2011/01/30 v1.7 Color options for hyperref/bookmark (HO)
)
(/usr/share/texlive/texmf-dist/tex/latex/oberdiek/auxhook.sty
Package: auxhook 2011/03/04 v1.3 Hooks for auxiliary files (HO)
)
(/usr/share/texlive/texmf-dist/tex/latex/oberdiek/kvoptions.sty
Package: kvoptions 2011/06/30 v3.11 Key value format for package options (HO)
)
\@linkdim=\dimen132
\Hy@linkcounter=\count106
\Hy@pagecounter=\count107

(/usr/share/texlive/texmf-dist/tex/latex/hyperref/pd1enc.def
File: pd1enc.def 2012/11/06 v6.83m Hyperref: PDFDocEncoding definition (HO)
Now handling font encoding PD1 ...
... no UTF-8 mapping file for font encoding PD1
)
\Hy@SavedSpaceFactor=\count108

(/usr/share/texlive/texmf-dist/tex/latex/latexconfig/hyperref.cfg
File: hyperref.cfg 2002/06/06 v1.2 hyperref configuration of TeXLive
)
Package hyperref Info: Hyper figures OFF on input line 4443.
Package hyperref Info: Link nesting OFF on input line 4448.
Package hyperref Info: Hyper index ON on input line 4451.
Package hyperref Info: Plain pages OFF on input line 4458.
Package hyperref Info: Backreferencing OFF on input line 4463.
Package hyperref Info: Implicit mode ON; LaTeX internals redefined.
Package hyperref Info: Bookmarks ON on input line 4688.
\c@Hy@tempcnt=\count109

(/usr/share/texlive/texmf-dist/tex/latex/url/url.sty
\Urlmuskip=\muskip10
Package: url 2013/09/16  ver 3.4  Verb mode for urls, etc.
)
LaTeX Info: Redefining \url on input line 5041.
\XeTeXLinkMargin=\dimen133
\Fld@menulength=\count110
\Field@Width=\dimen134
\Fld@charsize=\dimen135
Package hyperref Info: Hyper figures OFF on input line 6295.
Package hyperref Info: Link nesting OFF on input line 6300.
Package hyperref Info: Hyper index ON on input line 6303.
Package hyperref Info: backreferencing OFF on input line 6310.
Package hyperref Info: Link coloring OFF on input line 6315.
Package hyperref Info: Link coloring with OCG OFF on input line 6320.
Package hyperref Info: PDF/A mode OFF on input line 6325.
LaTeX Info: Redefining \ref on input line 6365.
LaTeX Info: Redefining \pageref on input line 6369.
\Hy@abspage=\count111
\c@Item=\count112
\c@Hfootnote=\count113
)

Package hyperref Message: Driver (autodetected): hpdftex.

(/usr/share/texlive/texmf-dist/tex/latex/hyperref/hpdftex.def
File: hpdftex.def 2012/11/06 v6.83m Hyperref driver for pdfTeX
\Fld@listcount=\count114
\c@bookmark@seq@number=\count115

(/usr/share/texlive/texmf-dist/tex/latex/oberdiek/rerunfilecheck.sty
Package: rerunfilecheck 2011/04/15 v1.7 Rerun checks for auxiliary files (HO)
Package uniquecounter Info: New unique counter `rerunfilecheck' on input line 2
82.
)
\Hy@SectionHShift=\skip51
)
(/usr/share/texlive/texmf-dist/tex/latex/natbib/natbib.sty
Package: natbib 2010/09/13 8.31b (PWD, AO)
\bibhang=\skip52
\bibsep=\skip53
LaTeX Info: Redefining \cite on input line 694.
\c@NAT@ctr=\count116
)
(/usr/share/texlive/texmf-dist/tex/latex/minted/minted.sty
Package: minted 2015/09/09 v2.1 Yet another Pygments shim for LaTeX

(/usr/share/texlive/texmf-dist/tex/latex/fancyvrb/fancyvrb.sty
Package: fancyvrb 2008/02/07

Style option: `fancyvrb' v2.7a, with DG/SPQR fixes, and firstline=lastline fix 
<2008/02/07> (tvz)
\FV@CodeLineNo=\count117
\FV@InFile=\read1
\FV@TabBox=\box34
\c@FancyVerbLine=\count118
\FV@StepNumber=\count119
\FV@OutFile=\write3
) (/usr/share/texlive/texmf-dist/tex/latex/base/ifthen.sty
Package: ifthen 2014/09/29 v1.1c Standard LaTeX ifthen package (DPC)
)
(/usr/share/texlive/texmf-dist/tex/latex/tools/calc.sty
Package: calc 2014/10/28 v4.3 Infix arithmetic (KKT,FJ)
\calc@Acount=\count120
\calc@Bcount=\count121
\calc@Adimen=\dimen136
\calc@Bdimen=\dimen137
\calc@Askip=\skip54
\calc@Bskip=\skip55
LaTeX Info: Redefining \setlength on input line 80.
LaTeX Info: Redefining \addtolength on input line 81.
\calc@Ccount=\count122
\calc@Cskip=\skip56
)
(/usr/share/texlive/texmf-dist/tex/latex/ifplatform/ifplatform.sty
Package: ifplatform 2010/10/22 v0.4 Testing for the operating system

(/usr/share/texlive/texmf-dist/tex/generic/oberdiek/catchfile.sty
Package: catchfile 2011/03/01 v1.6 Catch the contents of a file (HO)
)
runsystem(uname -s > "informe.w18")...executed.


(./informe.w18)
runsystem(rm -- "informe.w18")...executed.

) (/usr/share/texlive/texmf-dist/tex/latex/etoolbox/etoolbox.sty
Package: etoolbox 2015/08/02 v2.2a e-TeX tools for LaTeX (JAW)
\etb@tempcnta=\count123
) (/usr/share/texlive/texmf-dist/tex/generic/xstring/xstring.sty
(/usr/share/texlive/texmf-dist/tex/generic/xstring/xstring.tex
\@xs@message=\write4
\integerpart=\count124
\decimalpart=\count125
)
Package: xstring 2013/10/13  v1.7c  String manipulations (C Tellechea)
)
(/usr/share/texlive/texmf-dist/tex/latex/lineno/lineno.sty
Package: lineno 2005/11/02 line numbers on paragraphs v4.41
\linenopenalty=\count126
\output=\toks26
\linenoprevgraf=\count127
\linenumbersep=\dimen138
\linenumberwidth=\dimen139
\c@linenumber=\count128
\c@pagewiselinenumber=\count129
\c@LN@truepage=\count130
\c@internallinenumber=\count131
\c@internallinenumbers=\count132
\quotelinenumbersep=\dimen140
\bframerule=\dimen141
\bframesep=\dimen142
\bframebox=\box35
LaTeX Info: Redefining \\ on input line 3056.
)
\minted@appexistsfile=\read2
\FV@BreakIndent=\dimen143
\FV@BreakSymbolSepLeft=\dimen144
\FV@BreakSymbolSepRight=\dimen145
\FV@BreakSymbolIndentLeft=\dimen146
\FV@BreakSymbolIndentRight=\dimen147
\c@FancyVerbLineBreakLast=\count133
\FV@LineBox=\box36
\FV@LineIndentBox=\box37
\minted@bgbox=\box38
\minted@code=\write5
\c@minted@FancyVerbLineTemp=\count134
\@float@every@listing=\toks27
\c@listing=\count135
)
runsystem(mkdir -p "_minted-informe")...executed.


(./_minted-informe/default.pygstyle)
(/usr/share/texlive/texmf-dist/tex/latex/amsmath/amsmath.sty
Package: amsmath 2016/03/03 v2.15a AMS math features
\@mathmargin=\skip57

For additional information on amsmath, use the `?' option.
(/usr/share/texlive/texmf-dist/tex/latex/amsmath/amstext.sty
Package: amstext 2000/06/29 v2.01 AMS text

(/usr/share/texlive/texmf-dist/tex/latex/amsmath/amsgen.sty
File: amsgen.sty 1999/11/30 v2.0 generic functions
\@emptytoks=\toks28
\ex@=\dimen148
))
(/usr/share/texlive/texmf-dist/tex/latex/amsmath/amsbsy.sty
Package: amsbsy 1999/11/29 v1.2d Bold Symbols
\pmbraise@=\dimen149
)
(/usr/share/texlive/texmf-dist/tex/latex/amsmath/amsopn.sty
Package: amsopn 1999/12/14 v2.01 operator names
)
\inf@bad=\count136
LaTeX Info: Redefining \frac on input line 199.
\uproot@=\count137
\leftroot@=\count138
LaTeX Info: Redefining \overline on input line 297.
\classnum@=\count139
\DOTSCASE@=\count140
LaTeX Info: Redefining \ldots on input line 394.
LaTeX Info: Redefining \dots on input line 397.
LaTeX Info: Redefining \cdots on input line 518.
\Mathstrutbox@=\box39
\strutbox@=\box40
\big@size=\dimen150
LaTeX Font Info:    Redeclaring font encoding OML on input line 630.
LaTeX Font Info:    Redeclaring font encoding OMS on input line 631.
\macc@depth=\count141
\c@MaxMatrixCols=\count142
\dotsspace@=\muskip11
\c@parentequation=\count143
\dspbrk@lvl=\count144
\tag@help=\toks29
\row@=\count145
\column@=\count146
\maxfields@=\count147
\andhelp@=\toks30
\eqnshift@=\dimen151
\alignsep@=\dimen152
\tagshift@=\dimen153
\tagwidth@=\dimen154
\totwidth@=\dimen155
\lineht@=\dimen156
\@envbody=\toks31
\multlinegap=\skip58
\multlinetaggap=\skip59
\mathdisplay@stack=\toks32
LaTeX Info: Redefining \[ on input line 2735.
LaTeX Info: Redefining \] on input line 2736.
)
(/usr/share/texlive/texmf-dist/tex/latex/amsfonts/amsfonts.sty
Package: amsfonts 2013/01/14 v3.01 Basic AMSFonts support
\symAMSa=\mathgroup4
\symAMSb=\mathgroup5
LaTeX Font Info:    Overwriting math alphabet `\mathfrak' in version `bold'
(Font)                  U/euf/m/n --> U/euf/b/n on input line 106.
)
(/usr/share/texlive/texmf-dist/tex/latex/amsfonts/amssymb.sty
Package: amssymb 2013/01/14 v3.01 AMS font symbols
)
(/usr/share/texlive/texmf-dist/tex/latex/subfig/subfig.sty
Package: subfig 2005/06/28 ver: 1.3 subfig package

(/usr/share/texlive/texmf-dist/tex/latex/caption/caption.sty
Package: caption 2016/02/21 v3.3-144 Customizing captions (AR)

(/usr/share/texlive/texmf-dist/tex/latex/caption/caption3.sty
Package: caption3 2016/02/04 v1.7-139 caption3 kernel (AR)
Package caption3 Info: TeX engine: e-TeX on input line 67.
\captionmargin=\dimen157
\captionmargin@=\dimen158
\captionwidth=\dimen159
\caption@tempdima=\dimen160
\caption@indent=\dimen161
\caption@parindent=\dimen162
\caption@hangindent=\dimen163
)
\c@ContinuedFloat=\count148
Package caption Info: float package is loaded.
Package caption Info: hyperref package is loaded.
Package caption Info: longtable package is loaded.

(/usr/share/texlive/texmf-dist/tex/latex/caption/ltcaption.sty
Package: ltcaption 2013/06/09 v1.4-94 longtable captions (AR)
))
\c@KVtest=\count149
\sf@farskip=\skip60
\sf@captopadj=\dimen164
\sf@capskip=\skip61
\sf@nearskip=\skip62
\c@subfigure=\count150
\c@subfigure@save=\count151
\c@lofdepth=\count152
\c@subtable=\count153
\c@subtable@save=\count154
\c@lotdepth=\count155
\sf@top=\skip63
\sf@bottom=\skip64
)
(/usr/share/texlive/texmf-dist/tex/latex/listings/listings.sty
\lst@mode=\count156
\lst@gtempboxa=\box41
\lst@token=\toks33
\lst@length=\count157
\lst@currlwidth=\dimen165
\lst@column=\count158
\lst@pos=\count159
\lst@lostspace=\dimen166
\lst@width=\dimen167
\lst@newlines=\count160
\lst@lineno=\count161
\lst@maxwidth=\dimen168

(/usr/share/texlive/texmf-dist/tex/latex/listings/lstmisc.sty
File: lstmisc.sty 2015/06/04 1.6 (Carsten Heinz)
\c@lstnumber=\count162
\lst@skipnumbers=\count163
\lst@framebox=\box42
)
(/usr/share/texlive/texmf-dist/tex/latex/listings/listings.cfg
File: listings.cfg 2015/06/04 1.6 listings configuration
))
Package: listings 2015/06/04 1.6 (Carsten Heinz)
runsystem(which "pygmentize" && touch "informe.aex")...executed.

runsystem(rm "informe.aex")...executed.

 (./informe.aux
LaTeX Info: Redefining \. on input line 25.
LaTeX Info: Redefining \% on input line 25.

LaTeX Warning: Label `fig:16x16magnetization' multiply defined.

)
\openout1 = `informe.aux'.

LaTeX Font Info:    Checking defaults for OML/cmm/m/it on input line 55.
LaTeX Font Info:    ... okay on input line 55.
LaTeX Font Info:    Checking defaults for T1/cmr/m/n on input line 55.
LaTeX Font Info:    ... okay on input line 55.
LaTeX Font Info:    Checking defaults for OT1/cmr/m/n on input line 55.
LaTeX Font Info:    ... okay on input line 55.
LaTeX Font Info:    Checking defaults for OMS/cmsy/m/n on input line 55.
LaTeX Font Info:    ... okay on input line 55.
LaTeX Font Info:    Checking defaults for OMX/cmex/m/n on input line 55.
LaTeX Font Info:    ... okay on input line 55.
LaTeX Font Info:    Checking defaults for U/cmr/m/n on input line 55.
LaTeX Font Info:    ... okay on input line 55.
LaTeX Font Info:    Checking defaults for PD1/pdf/m/n on input line 55.
LaTeX Font Info:    ... okay on input line 55.
LaTeX Info: Redefining \. on input line 55.
LaTeX Info: Redefining \% on input line 55.

*geometry* driver: auto-detecting
*geometry* detected driver: pdftex
*geometry* verbose mode - [ preamble ] result:
* driver: pdftex
* paper: a4paper
* layout: <same size as paper>
* layoutoffset:(h,v)=(0.0pt,0.0pt)
* modes: 
* h-part:(L,W,R)=(56.9055pt, 483.69687pt, 56.9055pt)
* v-part:(T,H,B)=(71.13188pt, 702.78308pt, 71.13188pt)
* \paperwidth=597.50787pt
* \paperheight=845.04684pt
* \textwidth=483.69687pt
* \textheight=702.78308pt
* \oddsidemargin=-15.36449pt
* \evensidemargin=-15.36449pt
* \topmargin=-38.1381pt
* \headheight=12.0pt
* \headsep=25.0pt
* \topskip=12.0pt
* \footskip=30.0pt
* \marginparwidth=35.0pt
* \marginparsep=10.0pt
* \columnsep=10.0pt
* \skip\footins=10.8pt plus 4.0pt minus 2.0pt
* \hoffset=0.0pt
* \voffset=0.0pt
* \mag=1000
* \@twocolumnfalse
* \@twosidefalse
* \@mparswitchfalse
* \@reversemarginfalse
* (1in=72.27pt=25.4mm, 1cm=28.453pt)

(/usr/share/texlive/texmf-dist/tex/context/base/supp-pdf.mkii
[Loading MPS to PDF converter (version 2006.09.02).]
\scratchcounter=\count164
\scratchdimen=\dimen169
\scratchbox=\box43
\nofMPsegments=\count165
\nofMParguments=\count166
\everyMPshowfont=\toks34
\MPscratchCnt=\count167
\MPscratchDim=\dimen170
\MPnumerator=\count168
\makeMPintoPDFobject=\count169
\everyMPtoPDFconversion=\toks35
) (/usr/share/texlive/texmf-dist/tex/latex/oberdiek/epstopdf-base.sty
Package: epstopdf-base 2010/02/09 v2.5 Base part for package epstopdf

(/usr/share/texlive/texmf-dist/tex/latex/oberdiek/grfext.sty
Package: grfext 2010/08/19 v1.1 Manage graphics extensions (HO)
)
Package grfext Info: Graphics extension search list:
(grfext)             [.png,.pdf,.jpg,.mps,.jpeg,.jbig2,.jb2,.PNG,.PDF,.JPG,.JPE
G,.JBIG2,.JB2,.eps]
(grfext)             \AppendGraphicsExtensions on input line 452.

(/usr/share/texlive/texmf-dist/tex/latex/latexconfig/epstopdf-sys.cfg
File: epstopdf-sys.cfg 2010/07/13 v1.3 Configuration of (r)epstopdf for TeX Liv
e
))
\AtBeginShipoutBox=\box44
Package hyperref Info: Link coloring OFF on input line 55.

(/usr/share/texlive/texmf-dist/tex/latex/hyperref/nameref.sty
Package: nameref 2012/10/27 v2.43 Cross-referencing by name of section

(/usr/share/texlive/texmf-dist/tex/generic/oberdiek/gettitlestring.sty
Package: gettitlestring 2010/12/03 v1.4 Cleanup title references (HO)
)
\c@section@level=\count170
)
LaTeX Info: Redefining \ref on input line 55.
LaTeX Info: Redefining \pageref on input line 55.
LaTeX Info: Redefining \nameref on input line 55.

(./informe.out) (./informe.out)
\@outlinefile=\write6
\openout6 = `informe.out'.


(/usr/share/texlive/texmf-dist/tex/latex/xcolor/xcolor.sty
Package: xcolor 2007/01/21 v2.11 LaTeX color extensions (UK)

(/usr/share/texlive/texmf-dist/tex/latex/latexconfig/color.cfg
File: color.cfg 2007/01/18 v1.5 color configuration of teTeX/TeXLive
)
Package xcolor Info: Driver file: pdftex.def on input line 225.
Package xcolor Info: Model `cmy' substituted by `cmy0' on input line 1337.
Package xcolor Info: Model `hsb' substituted by `rgb' on input line 1341.
Package xcolor Info: Model `RGB' extended on input line 1353.
Package xcolor Info: Model `HTML' substituted by `rgb' on input line 1355.
Package xcolor Info: Model `Hsb' substituted by `hsb' on input line 1356.
Package xcolor Info: Model `tHsb' substituted by `hsb' on input line 1357.
Package xcolor Info: Model `HSB' substituted by `hsb' on input line 1358.
Package xcolor Info: Model `Gray' substituted by `gray' on input line 1359.
Package xcolor Info: Model `wave' substituted by `hsb' on input line 1360.
)
(./_minted-informe/default-pyg-prefix.pygstyle)
Package caption Info: Begin \AtBeginDocument code.
Package caption Info: subfig package v1.3 is loaded.
Package caption Info: listings package is loaded.
Package caption Info: End \AtBeginDocument code.
\c@lstlisting=\count171
LaTeX Font Info:    Try loading font information for U+msa on input line 58.

(/usr/share/texlive/texmf-dist/tex/latex/amsfonts/umsa.fd
File: umsa.fd 2013/01/14 v3.01 AMS symbols A
)
LaTeX Font Info:    Try loading font information for U+msb on input line 58.

(/usr/share/texlive/texmf-dist/tex/latex/amsfonts/umsb.fd
File: umsb.fd 2013/01/14 v3.01 AMS symbols B
)
Package babel Info: Redefining spanish shorthand <<
(babel)             in language  on input line 60.
Package babel Info: Redefining spanish shorthand >>
(babel)             in language  on input line 60.
Package babel Info: Redefining spanish shorthand "=
(babel)             in language  on input line 60.
Package babel Info: Redefining spanish shorthand "~
(babel)             in language  on input line 60.
Package babel Info: Redefining spanish shorthand "!
(babel)             in language  on input line 60.
Package babel Info: Redefining spanish shorthand "?
(babel)             in language  on input line 60.
Package babel Info: Redefining spanish shorthand <<
(babel)             in language  on input line 68.
Package babel Info: Redefining spanish shorthand >>
(babel)             in language  on input line 68.
Package babel Info: Redefining spanish shorthand "=
(babel)             in language  on input line 68.
Package babel Info: Redefining spanish shorthand "~
(babel)             in language  on input line 68.
Package babel Info: Redefining spanish shorthand "!
(babel)             in language  on input line 68.
Package babel Info: Redefining spanish shorthand "?
(babel)             in language  on input line 68.
\openout3 = `informe.pyg'.


(./_minted-informe/12A2ECC09AFDF1E23EEC74F8A80FD3A323B462702464AC53245B0E2F0B7F
34D7.pygtex
LaTeX Font Info:    Font shape `OT1/cmtt/bx/n' in size <12> not available
(Font)              Font shape `OT1/cmtt/m/n' tried instead on input line 6.
Package babel Info: Redefining spanish shorthand <<
(babel)             in language  on input line 15.
Package babel Info: Redefining spanish shorthand >>
(babel)             in language  on input line 15.
Package babel Info: Redefining spanish shorthand "=
(babel)             in language  on input line 15.
Package babel Info: Redefining spanish shorthand "~
(babel)             in language  on input line 15.
Package babel Info: Redefining spanish shorthand "!
(babel)             in language  on input line 15.
Package babel Info: Redefining spanish shorthand "?
(babel)             in language  on input line 15.
Package babel Info: Redefining spanish shorthand <<
(babel)             in language  on input line 15.
Package babel Info: Redefining spanish shorthand >>
(babel)             in language  on input line 15.
Package babel Info: Redefining spanish shorthand "=
(babel)             in language  on input line 15.
Package babel Info: Redefining spanish shorthand "~
(babel)             in language  on input line 15.
Package babel Info: Redefining spanish shorthand "!
(babel)             in language  on input line 15.
Package babel Info: Redefining spanish shorthand "?
(babel)             in language  on input line 15.
 [1

{/var/lib/texmf/fonts/map/pdftex/updmap/pdftex.map}]
Package babel Info: Redefining spanish shorthand <<
(babel)             in language  on input line 62.
Package babel Info: Redefining spanish shorthand >>
(babel)             in language  on input line 62.
Package babel Info: Redefining spanish shorthand "=
(babel)             in language  on input line 62.
Package babel Info: Redefining spanish shorthand "~
(babel)             in language  on input line 62.
Package babel Info: Redefining spanish shorthand "!
(babel)             in language  on input line 62.
Package babel Info: Redefining spanish shorthand "?
(babel)             in language  on input line 62.
Package babel Info: Redefining spanish shorthand <<
(babel)             in language  on input line 62.
Package babel Info: Redefining spanish shorthand >>
(babel)             in language  on input line 62.
Package babel Info: Redefining spanish shorthand "=
(babel)             in language  on input line 62.
Package babel Info: Redefining spanish shorthand "~
(babel)             in language  on input line 62.
Package babel Info: Redefining spanish shorthand "!
(babel)             in language  on input line 62.
Package babel Info: Redefining spanish shorthand "?
(babel)             in language  on input line 62.
 [2]
Package babel Info: Redefining spanish shorthand <<
(babel)             in language  on input line 110.
Package babel Info: Redefining spanish shorthand >>
(babel)             in language  on input line 110.
Package babel Info: Redefining spanish shorthand "=
(babel)             in language  on input line 110.
Package babel Info: Redefining spanish shorthand "~
(babel)             in language  on input line 110.
Package babel Info: Redefining spanish shorthand "!
(babel)             in language  on input line 110.
Package babel Info: Redefining spanish shorthand "?
(babel)             in language  on input line 110.
Package babel Info: Redefining spanish shorthand <<
(babel)             in language  on input line 110.
Package babel Info: Redefining spanish shorthand >>
(babel)             in language  on input line 110.
Package babel Info: Redefining spanish shorthand "=
(babel)             in language  on input line 110.
Package babel Info: Redefining spanish shorthand "~
(babel)             in language  on input line 110.
Package babel Info: Redefining spanish shorthand "!
(babel)             in language  on input line 110.
Package babel Info: Redefining spanish shorthand "?
(babel)             in language  on input line 110.
 [3])
</home/laura/Documents/Maestria/2018-1-segundoSemestre/fisica_estadistica_avanz
ada/ParteII_Johans/Tarea3/parte1/images/directo/histograma_2x2.png, id=51, 462.
528pt x 346.896pt>
File: /home/laura/Documents/Maestria/2018-1-segundoSemestre/fisica_estadistica_
avanzada/ParteII_Johans/Tarea3/parte1/images/directo/histograma_2x2.png Graphic
 file (type png)

<use /home/laura/Documents/Maestria/2018-1-segundoSemestre/fisica_estadistica_a
vanzada/ParteII_Johans/Tarea3/parte1/images/directo/histograma_2x2.png>
Package pdftex.def Info: /home/laura/Documents/Maestria/2018-1-segundoSemestre/
fisica_estadistica_avanzada/ParteII_Johans/Tarea3/parte1/images/directo/histogr
ama_2x2.png used on input line 197.
(pdftex.def)             Requested size: 170.71652pt x 128.0372pt.

</home/laura/Documents/Maestria/2018-1-segundoSemestre/fisica_estadistica_avanz
ada/ParteII_Johans/Tarea3/parte1/images/directo/histograma_3x3.png, id=53, 462.
528pt x 346.896pt>
File: /home/laura/Documents/Maestria/2018-1-segundoSemestre/fisica_estadistica_
avanzada/ParteII_Johans/Tarea3/parte1/images/directo/histograma_3x3.png Graphic
 file (type png)

<use /home/laura/Documents/Maestria/2018-1-segundoSemestre/fisica_estadistica_a
vanzada/ParteII_Johans/Tarea3/parte1/images/directo/histograma_3x3.png>
Package pdftex.def Info: /home/laura/Documents/Maestria/2018-1-segundoSemestre/
fisica_estadistica_avanzada/ParteII_Johans/Tarea3/parte1/images/directo/histogr
ama_3x3.png used on input line 198.
(pdftex.def)             Requested size: 170.71652pt x 128.0372pt.

</home/laura/Documents/Maestria/2018-1-segundoSemestre/fisica_estadistica_avanz
ada/ParteII_Johans/Tarea3/parte1/images/directo/histograma_4x4.png, id=54, 462.
528pt x 346.896pt>
File: /home/laura/Documents/Maestria/2018-1-segundoSemestre/fisica_estadistica_
avanzada/ParteII_Johans/Tarea3/parte1/images/directo/histograma_4x4.png Graphic
 file (type png)

<use /home/laura/Documents/Maestria/2018-1-segundoSemestre/fisica_estadistica_a
vanzada/ParteII_Johans/Tarea3/parte1/images/directo/histograma_4x4.png>
Package pdftex.def Info: /home/laura/Documents/Maestria/2018-1-segundoSemestre/
fisica_estadistica_avanzada/ParteII_Johans/Tarea3/parte1/images/directo/histogr
ama_4x4.png used on input line 199.
(pdftex.def)             Requested size: 170.71652pt x 128.0372pt.

Overfull \hbox (28.4527pt too wide) in paragraph at lines 197--200
 [][][][][][] 
 []


</home/laura/Documents/Maestria/2018-1-segundoSemestre/fisica_estadistica_avanz
ada/ParteII_Johans/Tarea3/parte1/images/directo/histo_texto_4x4.png, id=55, 149
.8097pt x 87.32625pt>
File: /home/laura/Documents/Maestria/2018-1-segundoSemestre/fisica_estadistica_
avanzada/ParteII_Johans/Tarea3/parte1/images/directo/histo_texto_4x4.png Graphi
c file (type png)

<use /home/laura/Documents/Maestria/2018-1-segundoSemestre/fisica_estadistica_a
vanzada/ParteII_Johans/Tarea3/parte1/images/directo/histo_texto_4x4.png>
Package pdftex.def Info: /home/laura/Documents/Maestria/2018-1-segundoSemestre/
fisica_estadistica_avanzada/ParteII_Johans/Tarea3/parte1/images/directo/histo_t
exto_4x4.png used on input line 206.
(pdftex.def)             Requested size: 170.71652pt x 99.52097pt.
Package babel Info: Redefining spanish shorthand <<
(babel)             in language  on input line 211.
Package babel Info: Redefining spanish shorthand >>
(babel)             in language  on input line 211.
Package babel Info: Redefining spanish shorthand "=
(babel)             in language  on input line 211.
Package babel Info: Redefining spanish shorthand "~
(babel)             in language  on input line 211.
Package babel Info: Redefining spanish shorthand "!
(babel)             in language  on input line 211.
Package babel Info: Redefining spanish shorthand "?
(babel)             in language  on input line 211.
Package babel Info: Redefining spanish shorthand <<
(babel)             in language  on input line 217.
Package babel Info: Redefining spanish shorthand >>
(babel)             in language  on input line 217.
Package babel Info: Redefining spanish shorthand "=
(babel)             in language  on input line 217.
Package babel Info: Redefining spanish shorthand "~
(babel)             in language  on input line 217.
Package babel Info: Redefining spanish shorthand "!
(babel)             in language  on input line 217.
Package babel Info: Redefining spanish shorthand "?
(babel)             in language  on input line 217.
Package babel Info: Redefining spanish shorthand <<
(babel)             in language  on input line 217.
Package babel Info: Redefining spanish shorthand >>
(babel)             in language  on input line 217.
Package babel Info: Redefining spanish shorthand "=
(babel)             in language  on input line 217.
Package babel Info: Redefining spanish shorthand "~
(babel)             in language  on input line 217.
Package babel Info: Redefining spanish shorthand "!
(babel)             in language  on input line 217.
Package babel Info: Redefining spanish shorthand "?
(babel)             in language  on input line 217.

[4 </home/laura/Documents/Maestria/2018-1-segundoSemestre/fisica_estadistica_av
anzada/ParteII_Johans/Tarea3/parte1/images/directo/histograma_2x2.png> </home/l
aura/Documents/Maestria/2018-1-segundoSemestre/fisica_estadistica_avanzada/Part
eII_Johans/Tarea3/parte1/images/directo/histograma_3x3.png> </home/laura/Docume
nts/Maestria/2018-1-segundoSemestre/fisica_estadistica_avanzada/ParteII_Johans/
Tarea3/parte1/images/directo/histograma_4x4.png> </home/laura/Documents/Maestri
a/2018-1-segundoSemestre/fisica_estadistica_avanzada/ParteII_Johans/Tarea3/part
e1/images/directo/histo_texto_4x4.png (PNG copy)>]
Package babel Info: Redefining spanish shorthand <<
(babel)             in language  on input line 262.
Package babel Info: Redefining spanish shorthand >>
(babel)             in language  on input line 262.
Package babel Info: Redefining spanish shorthand "=
(babel)             in language  on input line 262.
Package babel Info: Redefining spanish shorthand "~
(babel)             in language  on input line 262.
Package babel Info: Redefining spanish shorthand "!
(babel)             in language  on input line 262.
Package babel Info: Redefining spanish shorthand "?
(babel)             in language  on input line 262.

</home/laura/Documents/Maestria/2018-1-segundoSemestre/fisica_estadistica_avanz
ada/ParteII_Johans/Tarea3/parte2/temperatura_fija_nfijo/vecinos.png, id=75, 283
.81032pt x 124.21407pt>
File: /home/laura/Documents/Maestria/2018-1-segundoSemestre/fisica_estadistica_
avanzada/ParteII_Johans/Tarea3/parte2/temperatura_fija_nfijo/vecinos.png Graphi
c file (type png)

<use /home/laura/Documents/Maestria/2018-1-segundoSemestre/fisica_estadistica_a
vanzada/ParteII_Johans/Tarea3/parte2/temperatura_fija_nfijo/vecinos.png>
Package pdftex.def Info: /home/laura/Documents/Maestria/2018-1-segundoSemestre/
fisica_estadistica_avanzada/ParteII_Johans/Tarea3/parte2/temperatura_fija_nfijo
/vecinos.png used on input line 268.
(pdftex.def)             Requested size: 256.0748pt x 112.08539pt.
Package babel Info: Redefining spanish shorthand <<
(babel)             in language  on input line 272.
Package babel Info: Redefining spanish shorthand >>
(babel)             in language  on input line 272.
Package babel Info: Redefining spanish shorthand "=
(babel)             in language  on input line 272.
Package babel Info: Redefining spanish shorthand "~
(babel)             in language  on input line 272.
Package babel Info: Redefining spanish shorthand "!
(babel)             in language  on input line 272.
Package babel Info: Redefining spanish shorthand "?
(babel)             in language  on input line 272.
Package babel Info: Redefining spanish shorthand <<
(babel)             in language  on input line 272.
Package babel Info: Redefining spanish shorthand >>
(babel)             in language  on input line 272.
Package babel Info: Redefining spanish shorthand "=
(babel)             in language  on input line 272.
Package babel Info: Redefining spanish shorthand "~
(babel)             in language  on input line 272.
Package babel Info: Redefining spanish shorthand "!
(babel)             in language  on input line 272.
Package babel Info: Redefining spanish shorthand "?
(babel)             in language  on input line 272.

[5]
\openout3 = `informe.pyg'.


(./_minted-informe/C93F69977EF1B349DADA7CEDD126FD5D23B462702464AC53245B0E2F0B7F
34D7.pygtex
Package babel Info: Redefining spanish shorthand <<
(babel)             in language  on input line 25.
Package babel Info: Redefining spanish shorthand >>
(babel)             in language  on input line 25.
Package babel Info: Redefining spanish shorthand "=
(babel)             in language  on input line 25.
Package babel Info: Redefining spanish shorthand "~
(babel)             in language  on input line 25.
Package babel Info: Redefining spanish shorthand "!
(babel)             in language  on input line 25.
Package babel Info: Redefining spanish shorthand "?
(babel)             in language  on input line 25.
Package babel Info: Redefining spanish shorthand <<
(babel)             in language  on input line 25.
Package babel Info: Redefining spanish shorthand >>
(babel)             in language  on input line 25.
Package babel Info: Redefining spanish shorthand "=
(babel)             in language  on input line 25.
Package babel Info: Redefining spanish shorthand "~
(babel)             in language  on input line 25.
Package babel Info: Redefining spanish shorthand "!
(babel)             in language  on input line 25.
Package babel Info: Redefining spanish shorthand "?
(babel)             in language  on input line 25.
 [6 </home/laura/Documents/Maestria/2018-1-segundoSemestre/fisica_estadistica_a
vanzada/ParteII_Johans/Tarea3/parte2/temperatura_fija_nfijo/vecinos.png (PNG co
py)>]
Package babel Info: Redefining spanish shorthand <<
(babel)             in language  on input line 72.
Package babel Info: Redefining spanish shorthand >>
(babel)             in language  on input line 72.
Package babel Info: Redefining spanish shorthand "=
(babel)             in language  on input line 72.
Package babel Info: Redefining spanish shorthand "~
(babel)             in language  on input line 72.
Package babel Info: Redefining spanish shorthand "!
(babel)             in language  on input line 72.
Package babel Info: Redefining spanish shorthand "?
(babel)             in language  on input line 72.
Package babel Info: Redefining spanish shorthand <<
(babel)             in language  on input line 72.
Package babel Info: Redefining spanish shorthand >>
(babel)             in language  on input line 72.
Package babel Info: Redefining spanish shorthand "=
(babel)             in language  on input line 72.
Package babel Info: Redefining spanish shorthand "~
(babel)             in language  on input line 72.
Package babel Info: Redefining spanish shorthand "!
(babel)             in language  on input line 72.
Package babel Info: Redefining spanish shorthand "?
(babel)             in language  on input line 72.
 [7]
Package babel Info: Redefining spanish shorthand <<
(babel)             in language  on input line 120.
Package babel Info: Redefining spanish shorthand >>
(babel)             in language  on input line 120.
Package babel Info: Redefining spanish shorthand "=
(babel)             in language  on input line 120.
Package babel Info: Redefining spanish shorthand "~
(babel)             in language  on input line 120.
Package babel Info: Redefining spanish shorthand "!
(babel)             in language  on input line 120.
Package babel Info: Redefining spanish shorthand "?
(babel)             in language  on input line 120.
Package babel Info: Redefining spanish shorthand <<
(babel)             in language  on input line 120.
Package babel Info: Redefining spanish shorthand >>
(babel)             in language  on input line 120.
Package babel Info: Redefining spanish shorthand "=
(babel)             in language  on input line 120.
Package babel Info: Redefining spanish shorthand "~
(babel)             in language  on input line 120.
Package babel Info: Redefining spanish shorthand "!
(babel)             in language  on input line 120.
Package babel Info: Redefining spanish shorthand "?
(babel)             in language  on input line 120.
 [8])
Package babel Info: Redefining spanish shorthand <<
(babel)             in language  on input line 448.
Package babel Info: Redefining spanish shorthand >>
(babel)             in language  on input line 448.
Package babel Info: Redefining spanish shorthand "=
(babel)             in language  on input line 448.
Package babel Info: Redefining spanish shorthand "~
(babel)             in language  on input line 448.
Package babel Info: Redefining spanish shorthand "!
(babel)             in language  on input line 448.
Package babel Info: Redefining spanish shorthand "?
(babel)             in language  on input line 448.
Package babel Info: Redefining spanish shorthand <<
(babel)             in language  on input line 452.
Package babel Info: Redefining spanish shorthand >>
(babel)             in language  on input line 452.
Package babel Info: Redefining spanish shorthand "=
(babel)             in language  on input line 452.
Package babel Info: Redefining spanish shorthand "~
(babel)             in language  on input line 452.
Package babel Info: Redefining spanish shorthand "!
(babel)             in language  on input line 452.
Package babel Info: Redefining spanish shorthand "?
(babel)             in language  on input line 452.
Package babel Info: Redefining spanish shorthand <<
(babel)             in language  on input line 452.
Package babel Info: Redefining spanish shorthand >>
(babel)             in language  on input line 452.
Package babel Info: Redefining spanish shorthand "=
(babel)             in language  on input line 452.
Package babel Info: Redefining spanish shorthand "~
(babel)             in language  on input line 452.
Package babel Info: Redefining spanish shorthand "!
(babel)             in language  on input line 452.
Package babel Info: Redefining spanish shorthand "?
(babel)             in language  on input line 452.
 [9]
</home/laura/Documents/Maestria/2018-1-segundoSemestre/fisica_estadistica_avanz
ada/ParteII_Johans/Tarea3/parte2/temperatura_fija/finalsnap_6x6_T2_steps100.png
, id=119, 722.7pt x 578.16pt>
File: /home/laura/Documents/Maestria/2018-1-segundoSemestre/fisica_estadistica_
avanzada/ParteII_Johans/Tarea3/parte2/temperatura_fija/finalsnap_6x6_T2_steps10
0.png Graphic file (type png)

<use /home/laura/Documents/Maestria/2018-1-segundoSemestre/fisica_estadistica_a
vanzada/ParteII_Johans/Tarea3/parte2/temperatura_fija/finalsnap_6x6_T2_steps100
.png>
Package pdftex.def Info: /home/laura/Documents/Maestria/2018-1-segundoSemestre/
fisica_estadistica_avanzada/ParteII_Johans/Tarea3/parte2/temperatura_fija/final
snap_6x6_T2_steps100.png used on input line 472.
(pdftex.def)             Requested size: 256.0748pt x 204.85565pt.

</home/laura/Documents/Maestria/2018-1-segundoSemestre/fisica_estadistica_avanz
ada/ParteII_Johans/Tarea3/parte2/temperatura_fija/finalsnap_6x6_T2_steps1000.pn
g, id=120, 722.7pt x 578.16pt>
File: /home/laura/Documents/Maestria/2018-1-segundoSemestre/fisica_estadistica_
avanzada/ParteII_Johans/Tarea3/parte2/temperatura_fija/finalsnap_6x6_T2_steps10
00.png Graphic file (type png)

<use /home/laura/Documents/Maestria/2018-1-segundoSemestre/fisica_estadistica_a
vanzada/ParteII_Johans/Tarea3/parte2/temperatura_fija/finalsnap_6x6_T2_steps100
0.png>
Package pdftex.def Info: /home/laura/Documents/Maestria/2018-1-segundoSemestre/
fisica_estadistica_avanzada/ParteII_Johans/Tarea3/parte2/temperatura_fija/final
snap_6x6_T2_steps1000.png used on input line 473.
(pdftex.def)             Requested size: 256.0748pt x 204.85565pt.

Overfull \hbox (28.45273pt too wide) in paragraph at lines 472--473
 [][][][] 
 []


</home/laura/Documents/Maestria/2018-1-segundoSemestre/fisica_estadistica_avanz
ada/ParteII_Johans/Tarea3/parte2/temperatura_fija/finalsnap_6x6_T2_steps10000.p
ng, id=121, 722.7pt x 578.16pt>
File: /home/laura/Documents/Maestria/2018-1-segundoSemestre/fisica_estadistica_
avanzada/ParteII_Johans/Tarea3/parte2/temperatura_fija/finalsnap_6x6_T2_steps10
000.png Graphic file (type png)

<use /home/laura/Documents/Maestria/2018-1-segundoSemestre/fisica_estadistica_a
vanzada/ParteII_Johans/Tarea3/parte2/temperatura_fija/finalsnap_6x6_T2_steps100
00.png>
Package pdftex.def Info: /home/laura/Documents/Maestria/2018-1-segundoSemestre/
fisica_estadistica_avanzada/ParteII_Johans/Tarea3/parte2/temperatura_fija/final
snap_6x6_T2_steps10000.png used on input line 474.
(pdftex.def)             Requested size: 256.0748pt x 204.85565pt.

</home/laura/Documents/Maestria/2018-1-segundoSemestre/fisica_estadistica_avanz
ada/ParteII_Johans/Tarea3/parte2/temperatura_fija/finalsnap_6x6_T2_steps100000.
png, id=122, 722.7pt x 578.16pt>
File: /home/laura/Documents/Maestria/2018-1-segundoSemestre/fisica_estadistica_
avanzada/ParteII_Johans/Tarea3/parte2/temperatura_fija/finalsnap_6x6_T2_steps10
0000.png Graphic file (type png)

<use /home/laura/Documents/Maestria/2018-1-segundoSemestre/fisica_estadistica_a
vanzada/ParteII_Johans/Tarea3/parte2/temperatura_fija/finalsnap_6x6_T2_steps100
000.png>
Package pdftex.def Info: /home/laura/Documents/Maestria/2018-1-segundoSemestre/
fisica_estadistica_avanzada/ParteII_Johans/Tarea3/parte2/temperatura_fija/final
snap_6x6_T2_steps100000.png used on input line 475.
(pdftex.def)             Requested size: 256.0748pt x 204.85565pt.

Overfull \hbox (28.45273pt too wide) in paragraph at lines 474--476
 [][][][] 
 []

Package babel Info: Redefining spanish shorthand <<
(babel)             in language  on input line 479.
Package babel Info: Redefining spanish shorthand >>
(babel)             in language  on input line 479.
Package babel Info: Redefining spanish shorthand "=
(babel)             in language  on input line 479.
Package babel Info: Redefining spanish shorthand "~
(babel)             in language  on input line 479.
Package babel Info: Redefining spanish shorthand "!
(babel)             in language  on input line 479.
Package babel Info: Redefining spanish shorthand "?
(babel)             in language  on input line 479.
Package babel Info: Redefining spanish shorthand <<
(babel)             in language  on input line 479.
Package babel Info: Redefining spanish shorthand >>
(babel)             in language  on input line 479.
Package babel Info: Redefining spanish shorthand "=
(babel)             in language  on input line 479.
Package babel Info: Redefining spanish shorthand "~
(babel)             in language  on input line 479.
Package babel Info: Redefining spanish shorthand "!
(babel)             in language  on input line 479.
Package babel Info: Redefining spanish shorthand "?
(babel)             in language  on input line 479.
[10]
</home/laura/Documents/Maestria/2018-1-segundoSemestre/fisica_estadistica_avanz
ada/ParteII_Johans/Tarea3/parte2/temperatura_fija_nfijo/finalsnap_32x32_T0_nste
ps10000.png, id=131, 722.7pt x 578.16pt>
File: /home/laura/Documents/Maestria/2018-1-segundoSemestre/fisica_estadistica_
avanzada/ParteII_Johans/Tarea3/parte2/temperatura_fija_nfijo/finalsnap_32x32_T0
_nsteps10000.png Graphic file (type png)

<use /home/laura/Documents/Maestria/2018-1-segundoSemestre/fisica_estadistica_a
vanzada/ParteII_Johans/Tarea3/parte2/temperatura_fija_nfijo/finalsnap_32x32_T0_
nsteps10000.png>
Package pdftex.def Info: /home/laura/Documents/Maestria/2018-1-segundoSemestre/
fisica_estadistica_avanzada/ParteII_Johans/Tarea3/parte2/temperatura_fija_nfijo
/finalsnap_32x32_T0_nsteps10000.png used on input line 487.
(pdftex.def)             Requested size: 256.0748pt x 204.85565pt.

</home/laura/Documents/Maestria/2018-1-segundoSemestre/fisica_estadistica_avanz
ada/ParteII_Johans/Tarea3/parte2/temperatura_fija_nfijo/finalsnap_32x32_T1_nste
ps10000.png, id=132, 722.7pt x 578.16pt>
File: /home/laura/Documents/Maestria/2018-1-segundoSemestre/fisica_estadistica_
avanzada/ParteII_Johans/Tarea3/parte2/temperatura_fija_nfijo/finalsnap_32x32_T1
_nsteps10000.png Graphic file (type png)

<use /home/laura/Documents/Maestria/2018-1-segundoSemestre/fisica_estadistica_a
vanzada/ParteII_Johans/Tarea3/parte2/temperatura_fija_nfijo/finalsnap_32x32_T1_
nsteps10000.png>
Package pdftex.def Info: /home/laura/Documents/Maestria/2018-1-segundoSemestre/
fisica_estadistica_avanzada/ParteII_Johans/Tarea3/parte2/temperatura_fija_nfijo
/finalsnap_32x32_T1_nsteps10000.png used on input line 488.
(pdftex.def)             Requested size: 256.0748pt x 204.85565pt.

Overfull \hbox (28.45273pt too wide) in paragraph at lines 487--488
 [][][][] 
 []


</home/laura/Documents/Maestria/2018-1-segundoSemestre/fisica_estadistica_avanz
ada/ParteII_Johans/Tarea3/parte2/temperatura_fija_nfijo/finalsnap_32x32_T2_nste
ps10000.png, id=133, 722.7pt x 578.16pt>
File: /home/laura/Documents/Maestria/2018-1-segundoSemestre/fisica_estadistica_
avanzada/ParteII_Johans/Tarea3/parte2/temperatura_fija_nfijo/finalsnap_32x32_T2
_nsteps10000.png Graphic file (type png)

<use /home/laura/Documents/Maestria/2018-1-segundoSemestre/fisica_estadistica_a
vanzada/ParteII_Johans/Tarea3/parte2/temperatura_fija_nfijo/finalsnap_32x32_T2_
nsteps10000.png>
Package pdftex.def Info: /home/laura/Documents/Maestria/2018-1-segundoSemestre/
fisica_estadistica_avanzada/ParteII_Johans/Tarea3/parte2/temperatura_fija_nfijo
/finalsnap_32x32_T2_nsteps10000.png used on input line 489.
(pdftex.def)             Requested size: 256.0748pt x 204.85565pt.

</home/laura/Documents/Maestria/2018-1-segundoSemestre/fisica_estadistica_avanz
ada/ParteII_Johans/Tarea3/parte2/temperatura_fija_nfijo/finalsnap_32x32_T5_nste
ps10000.png, id=134, 722.7pt x 578.16pt>
File: /home/laura/Documents/Maestria/2018-1-segundoSemestre/fisica_estadistica_
avanzada/ParteII_Johans/Tarea3/parte2/temperatura_fija_nfijo/finalsnap_32x32_T5
_nsteps10000.png Graphic file (type png)

<use /home/laura/Documents/Maestria/2018-1-segundoSemestre/fisica_estadistica_a
vanzada/ParteII_Johans/Tarea3/parte2/temperatura_fija_nfijo/finalsnap_32x32_T5_
nsteps10000.png>
Package pdftex.def Info: /home/laura/Documents/Maestria/2018-1-segundoSemestre/
fisica_estadistica_avanzada/ParteII_Johans/Tarea3/parte2/temperatura_fija_nfijo
/finalsnap_32x32_T5_nsteps10000.png used on input line 490.
(pdftex.def)             Requested size: 256.0748pt x 204.85565pt.

Overfull \hbox (28.45273pt too wide) in paragraph at lines 489--491
 [][][][] 
 []

Package babel Info: Redefining spanish shorthand <<
(babel)             in language  on input line 494.
Package babel Info: Redefining spanish shorthand >>
(babel)             in language  on input line 494.
Package babel Info: Redefining spanish shorthand "=
(babel)             in language  on input line 494.
Package babel Info: Redefining spanish shorthand "~
(babel)             in language  on input line 494.
Package babel Info: Redefining spanish shorthand "!
(babel)             in language  on input line 494.
Package babel Info: Redefining spanish shorthand "?
(babel)             in language  on input line 494.
Package babel Info: Redefining spanish shorthand <<
(babel)             in language  on input line 494.
Package babel Info: Redefining spanish shorthand >>
(babel)             in language  on input line 494.
Package babel Info: Redefining spanish shorthand "=
(babel)             in language  on input line 494.
Package babel Info: Redefining spanish shorthand "~
(babel)             in language  on input line 494.
Package babel Info: Redefining spanish shorthand "!
(babel)             in language  on input line 494.
Package babel Info: Redefining spanish shorthand "?
(babel)             in language  on input line 494.
[11 </home/laura/Documents/Maestria/2018-1-segundoSemestre/fisica_estadistica_a
vanzada/ParteII_Johans/Tarea3/parte2/temperatura_fija/finalsnap_6x6_T2_steps100
.png> </home/laura/Documents/Maestria/2018-1-segundoSemestre/fisica_estadistica
_avanzada/ParteII_Johans/Tarea3/parte2/temperatura_fija/finalsnap_6x6_T2_steps1
000.png> </home/laura/Documents/Maestria/2018-1-segundoSemestre/fisica_estadist
ica_avanzada/ParteII_Johans/Tarea3/parte2/temperatura_fija/finalsnap_6x6_T2_ste
ps10000.png> </home/laura/Documents/Maestria/2018-1-segundoSemestre/fisica_esta
distica_avanzada/ParteII_Johans/Tarea3/parte2/temperatura_fija/finalsnap_6x6_T2
_steps100000.png>]
</home/laura/Documents/Maestria/2018-1-segundoSemestre/fisica_estadistica_avanz
ada/ParteII_Johans/Tarea3/parte2/temperatura_fija_nfijo/finalsnap_128x128_T0_ns
teps10000.png, id=149, 722.7pt x 578.16pt>
File: /home/laura/Documents/Maestria/2018-1-segundoSemestre/fisica_estadistica_
avanzada/ParteII_Johans/Tarea3/parte2/temperatura_fija_nfijo/finalsnap_128x128_
T0_nsteps10000.png Graphic file (type png)

<use /home/laura/Documents/Maestria/2018-1-segundoSemestre/fisica_estadistica_a
vanzada/ParteII_Johans/Tarea3/parte2/temperatura_fija_nfijo/finalsnap_128x128_T
0_nsteps10000.png>
Package pdftex.def Info: /home/laura/Documents/Maestria/2018-1-segundoSemestre/
fisica_estadistica_avanzada/ParteII_Johans/Tarea3/parte2/temperatura_fija_nfijo
/finalsnap_128x128_T0_nsteps10000.png used on input line 498.
(pdftex.def)             Requested size: 256.0748pt x 204.85565pt.

</home/laura/Documents/Maestria/2018-1-segundoSemestre/fisica_estadistica_avanz
ada/ParteII_Johans/Tarea3/parte2/temperatura_fija_nfijo/finalsnap_128x128_T1_ns
teps10000.png, id=150, 722.7pt x 578.16pt>
File: /home/laura/Documents/Maestria/2018-1-segundoSemestre/fisica_estadistica_
avanzada/ParteII_Johans/Tarea3/parte2/temperatura_fija_nfijo/finalsnap_128x128_
T1_nsteps10000.png Graphic file (type png)

<use /home/laura/Documents/Maestria/2018-1-segundoSemestre/fisica_estadistica_a
vanzada/ParteII_Johans/Tarea3/parte2/temperatura_fija_nfijo/finalsnap_128x128_T
1_nsteps10000.png>
Package pdftex.def Info: /home/laura/Documents/Maestria/2018-1-segundoSemestre/
fisica_estadistica_avanzada/ParteII_Johans/Tarea3/parte2/temperatura_fija_nfijo
/finalsnap_128x128_T1_nsteps10000.png used on input line 499.
(pdftex.def)             Requested size: 256.0748pt x 204.85565pt.

Overfull \hbox (28.45273pt too wide) in paragraph at lines 498--499
 [][][][] 
 []


</home/laura/Documents/Maestria/2018-1-segundoSemestre/fisica_estadistica_avanz
ada/ParteII_Johans/Tarea3/parte2/temperatura_fija_nfijo/finalsnap_128x128_T2_ns
teps10000.png, id=151, 722.7pt x 578.16pt>
File: /home/laura/Documents/Maestria/2018-1-segundoSemestre/fisica_estadistica_
avanzada/ParteII_Johans/Tarea3/parte2/temperatura_fija_nfijo/finalsnap_128x128_
T2_nsteps10000.png Graphic file (type png)

<use /home/laura/Documents/Maestria/2018-1-segundoSemestre/fisica_estadistica_a
vanzada/ParteII_Johans/Tarea3/parte2/temperatura_fija_nfijo/finalsnap_128x128_T
2_nsteps10000.png>
Package pdftex.def Info: /home/laura/Documents/Maestria/2018-1-segundoSemestre/
fisica_estadistica_avanzada/ParteII_Johans/Tarea3/parte2/temperatura_fija_nfijo
/finalsnap_128x128_T2_nsteps10000.png used on input line 500.
(pdftex.def)             Requested size: 256.0748pt x 204.85565pt.

</home/laura/Documents/Maestria/2018-1-segundoSemestre/fisica_estadistica_avanz
ada/ParteII_Johans/Tarea3/parte2/temperatura_fija_nfijo/finalsnap_128x128_T5_ns
teps10000.png, id=152, 722.7pt x 578.16pt>
File: /home/laura/Documents/Maestria/2018-1-segundoSemestre/fisica_estadistica_
avanzada/ParteII_Johans/Tarea3/parte2/temperatura_fija_nfijo/finalsnap_128x128_
T5_nsteps10000.png Graphic file (type png)

<use /home/laura/Documents/Maestria/2018-1-segundoSemestre/fisica_estadistica_a
vanzada/ParteII_Johans/Tarea3/parte2/temperatura_fija_nfijo/finalsnap_128x128_T
5_nsteps10000.png>
Package pdftex.def Info: /home/laura/Documents/Maestria/2018-1-segundoSemestre/
fisica_estadistica_avanzada/ParteII_Johans/Tarea3/parte2/temperatura_fija_nfijo
/finalsnap_128x128_T5_nsteps10000.png used on input line 501.
(pdftex.def)             Requested size: 256.0748pt x 204.85565pt.

Overfull \hbox (28.45273pt too wide) in paragraph at lines 500--502
 [][][][] 
 []

Package babel Info: Redefining spanish shorthand <<
(babel)             in language  on input line 505.
Package babel Info: Redefining spanish shorthand >>
(babel)             in language  on input line 505.
Package babel Info: Redefining spanish shorthand "=
(babel)             in language  on input line 505.
Package babel Info: Redefining spanish shorthand "~
(babel)             in language  on input line 505.
Package babel Info: Redefining spanish shorthand "!
(babel)             in language  on input line 505.
Package babel Info: Redefining spanish shorthand "?
(babel)             in language  on input line 505.
Package babel Info: Redefining spanish shorthand <<
(babel)             in language  on input line 505.
Package babel Info: Redefining spanish shorthand >>
(babel)             in language  on input line 505.
Package babel Info: Redefining spanish shorthand "=
(babel)             in language  on input line 505.
Package babel Info: Redefining spanish shorthand "~
(babel)             in language  on input line 505.
Package babel Info: Redefining spanish shorthand "!
(babel)             in language  on input line 505.
Package babel Info: Redefining spanish shorthand "?
(babel)             in language  on input line 505.
[12 </home/laura/Documents/Maestria/2018-1-segundoSemestre/fisica_estadistica_a
vanzada/ParteII_Johans/Tarea3/parte2/temperatura_fija_nfijo/finalsnap_32x32_T0_
nsteps10000.png> </home/laura/Documents/Maestria/2018-1-segundoSemestre/fisica_
estadistica_avanzada/ParteII_Johans/Tarea3/parte2/temperatura_fija_nfijo/finals
nap_32x32_T1_nsteps10000.png> </home/laura/Documents/Maestria/2018-1-segundoSem
estre/fisica_estadistica_avanzada/ParteII_Johans/Tarea3/parte2/temperatura_fija
_nfijo/finalsnap_32x32_T2_nsteps10000.png> </home/laura/Documents/Maestria/2018
-1-segundoSemestre/fisica_estadistica_avanzada/ParteII_Johans/Tarea3/parte2/tem
peratura_fija_nfijo/finalsnap_32x32_T5_nsteps10000.png>]
</home/laura/Documents/Maestria/2018-1-segundoSemestre/fisica_estadistica_avanz
ada/ParteII_Johans/Tarea3/parte2/temperatura_fija_nfijo/E_time_128x128_T2_nstep
s10000.png, id=165, 722.7pt x 578.16pt>
File: /home/laura/Documents/Maestria/2018-1-segundoSemestre/fisica_estadistica_
avanzada/ParteII_Johans/Tarea3/parte2/temperatura_fija_nfijo/E_time_128x128_T2_
nsteps10000.png Graphic file (type png)

<use /home/laura/Documents/Maestria/2018-1-segundoSemestre/fisica_estadistica_a
vanzada/ParteII_Johans/Tarea3/parte2/temperatura_fija_nfijo/E_time_128x128_T2_n
steps10000.png>
Package pdftex.def Info: /home/laura/Documents/Maestria/2018-1-segundoSemestre/
fisica_estadistica_avanzada/ParteII_Johans/Tarea3/parte2/temperatura_fija_nfijo
/E_time_128x128_T2_nsteps10000.png used on input line 509.
(pdftex.def)             Requested size: 256.0748pt x 204.85565pt.

</home/laura/Documents/Maestria/2018-1-segundoSemestre/fisica_estadistica_avanz
ada/ParteII_Johans/Tarea3/parte2/temperatura_fija_nfijo/Ecum_time_128x128_T2_ns
teps10000.png, id=166, 722.7pt x 578.16pt>
File: /home/laura/Documents/Maestria/2018-1-segundoSemestre/fisica_estadistica_
avanzada/ParteII_Johans/Tarea3/parte2/temperatura_fija_nfijo/Ecum_time_128x128_
T2_nsteps10000.png Graphic file (type png)

<use /home/laura/Documents/Maestria/2018-1-segundoSemestre/fisica_estadistica_a
vanzada/ParteII_Johans/Tarea3/parte2/temperatura_fija_nfijo/Ecum_time_128x128_T
2_nsteps10000.png>
Package pdftex.def Info: /home/laura/Documents/Maestria/2018-1-segundoSemestre/
fisica_estadistica_avanzada/ParteII_Johans/Tarea3/parte2/temperatura_fija_nfijo
/Ecum_time_128x128_T2_nsteps10000.png used on input line 510.
(pdftex.def)             Requested size: 256.0748pt x 204.85565pt.

Overfull \hbox (28.45273pt too wide) in paragraph at lines 509--511
 [][][][] 
 []

Package babel Info: Redefining spanish shorthand <<
(babel)             in language  on input line 514.
Package babel Info: Redefining spanish shorthand >>
(babel)             in language  on input line 514.
Package babel Info: Redefining spanish shorthand "=
(babel)             in language  on input line 514.
Package babel Info: Redefining spanish shorthand "~
(babel)             in language  on input line 514.
Package babel Info: Redefining spanish shorthand "!
(babel)             in language  on input line 514.
Package babel Info: Redefining spanish shorthand "?
(babel)             in language  on input line 514.
Package babel Info: Redefining spanish shorthand <<
(babel)             in language  on input line 514.
Package babel Info: Redefining spanish shorthand >>
(babel)             in language  on input line 514.
Package babel Info: Redefining spanish shorthand "=
(babel)             in language  on input line 514.
Package babel Info: Redefining spanish shorthand "~
(babel)             in language  on input line 514.
Package babel Info: Redefining spanish shorthand "!
(babel)             in language  on input line 514.
Package babel Info: Redefining spanish shorthand "?
(babel)             in language  on input line 514.
[13 </home/laura/Documents/Maestria/2018-1-segundoSemestre/fisica_estadistica_a
vanzada/ParteII_Johans/Tarea3/parte2/temperatura_fija_nfijo/finalsnap_128x128_T
0_nsteps10000.png> </home/laura/Documents/Maestria/2018-1-segundoSemestre/fisic
a_estadistica_avanzada/ParteII_Johans/Tarea3/parte2/temperatura_fija_nfijo/fina
lsnap_128x128_T1_nsteps10000.png> </home/laura/Documents/Maestria/2018-1-segund
oSemestre/fisica_estadistica_avanzada/ParteII_Johans/Tarea3/parte2/temperatura_
fija_nfijo/finalsnap_128x128_T2_nsteps10000.png> </home/laura/Documents/Maestri
a/2018-1-segundoSemestre/fisica_estadistica_avanzada/ParteII_Johans/Tarea3/part
e2/temperatura_fija_nfijo/finalsnap_128x128_T5_nsteps10000.png>]
Package babel Info: Redefining spanish shorthand <<
(babel)             in language  on input line 516.
Package babel Info: Redefining spanish shorthand >>
(babel)             in language  on input line 516.
Package babel Info: Redefining spanish shorthand "=
(babel)             in language  on input line 516.
Package babel Info: Redefining spanish shorthand "~
(babel)             in language  on input line 516.
Package babel Info: Redefining spanish shorthand "!
(babel)             in language  on input line 516.
Package babel Info: Redefining spanish shorthand "?
(babel)             in language  on input line 516.
Package babel Info: Redefining spanish shorthand <<
(babel)             in language  on input line 541.
Package babel Info: Redefining spanish shorthand >>
(babel)             in language  on input line 541.
Package babel Info: Redefining spanish shorthand "=
(babel)             in language  on input line 541.
Package babel Info: Redefining spanish shorthand "~
(babel)             in language  on input line 541.
Package babel Info: Redefining spanish shorthand "!
(babel)             in language  on input line 541.
Package babel Info: Redefining spanish shorthand "?
(babel)             in language  on input line 541.
Package babel Info: Redefining spanish shorthand <<
(babel)             in language  on input line 541.
Package babel Info: Redefining spanish shorthand >>
(babel)             in language  on input line 541.
Package babel Info: Redefining spanish shorthand "=
(babel)             in language  on input line 541.
Package babel Info: Redefining spanish shorthand "~
(babel)             in language  on input line 541.
Package babel Info: Redefining spanish shorthand "!
(babel)             in language  on input line 541.
Package babel Info: Redefining spanish shorthand "?
(babel)             in language  on input line 541.
 [14 </home/laura/Documents/Maestria/2018-1-segundoSemestre/fisica_estadistica_
avanzada/ParteII_Johans/Tarea3/parte2/temperatura_fija_nfijo/E_time_128x128_T2_
nsteps10000.png> </home/laura/Documents/Maestria/2018-1-segundoSemestre/fisica_
estadistica_avanzada/ParteII_Johans/Tarea3/parte2/temperatura_fija_nfijo/Ecum_t
ime_128x128_T2_nsteps10000.png>]
\openout3 = `informe.pyg'.


(./_minted-informe/D22BE8C5995E94C713F642D22B1894AB23B462702464AC53245B0E2F0B7F
34D7.pygtex
Package babel Info: Redefining spanish shorthand <<
(babel)             in language  on input line 44.
Package babel Info: Redefining spanish shorthand >>
(babel)             in language  on input line 44.
Package babel Info: Redefining spanish shorthand "=
(babel)             in language  on input line 44.
Package babel Info: Redefining spanish shorthand "~
(babel)             in language  on input line 44.
Package babel Info: Redefining spanish shorthand "!
(babel)             in language  on input line 44.
Package babel Info: Redefining spanish shorthand "?
(babel)             in language  on input line 44.
Package babel Info: Redefining spanish shorthand <<
(babel)             in language  on input line 44.
Package babel Info: Redefining spanish shorthand >>
(babel)             in language  on input line 44.
Package babel Info: Redefining spanish shorthand "=
(babel)             in language  on input line 44.
Package babel Info: Redefining spanish shorthand "~
(babel)             in language  on input line 44.
Package babel Info: Redefining spanish shorthand "!
(babel)             in language  on input line 44.
Package babel Info: Redefining spanish shorthand "?
(babel)             in language  on input line 44.
 [15])
</home/laura/Documents/Maestria/2018-1-segundoSemestre/fisica_estadistica_avanz
ada/ParteII_Johans/Tarea3/parte2/cv_images/2x2energia.png, id=198, 722.7pt x 57
8.16pt>
File: /home/laura/Documents/Maestria/2018-1-segundoSemestre/fisica_estadistica_
avanzada/ParteII_Johans/Tarea3/parte2/cv_images/2x2energia.png Graphic file (ty
pe png)

<use /home/laura/Documents/Maestria/2018-1-segundoSemestre/fisica_estadistica_a
vanzada/ParteII_Johans/Tarea3/parte2/cv_images/2x2energia.png>
Package pdftex.def Info: /home/laura/Documents/Maestria/2018-1-segundoSemestre/
fisica_estadistica_avanzada/ParteII_Johans/Tarea3/parte2/cv_images/2x2energia.p
ng used on input line 636.
(pdftex.def)             Requested size: 227.62204pt x 182.0949pt.

</home/laura/Documents/Maestria/2018-1-segundoSemestre/fisica_estadistica_avanz
ada/ParteII_Johans/Tarea3/parte2/cv_images/2x2magnetizacion.png, id=199, 722.7p
t x 578.16pt>
File: /home/laura/Documents/Maestria/2018-1-segundoSemestre/fisica_estadistica_
avanzada/ParteII_Johans/Tarea3/parte2/cv_images/2x2magnetizacion.png Graphic fi
le (type png)

<use /home/laura/Documents/Maestria/2018-1-segundoSemestre/fisica_estadistica_a
vanzada/ParteII_Johans/Tarea3/parte2/cv_images/2x2magnetizacion.png>
Package pdftex.def Info: /home/laura/Documents/Maestria/2018-1-segundoSemestre/
fisica_estadistica_avanzada/ParteII_Johans/Tarea3/parte2/cv_images/2x2magnetiza
cion.png used on input line 637.
(pdftex.def)             Requested size: 227.62204pt x 182.0949pt.

</home/laura/Documents/Maestria/2018-1-segundoSemestre/fisica_estadistica_avanz
ada/ParteII_Johans/Tarea3/parte2/cv_images/4x4energia.png, id=200, 722.7pt x 57
8.16pt>
File: /home/laura/Documents/Maestria/2018-1-segundoSemestre/fisica_estadistica_
avanzada/ParteII_Johans/Tarea3/parte2/cv_images/4x4energia.png Graphic file (ty
pe png)

<use /home/laura/Documents/Maestria/2018-1-segundoSemestre/fisica_estadistica_a
vanzada/ParteII_Johans/Tarea3/parte2/cv_images/4x4energia.png>
Package pdftex.def Info: /home/laura/Documents/Maestria/2018-1-segundoSemestre/
fisica_estadistica_avanzada/ParteII_Johans/Tarea3/parte2/cv_images/4x4energia.p
ng used on input line 638.
(pdftex.def)             Requested size: 227.62204pt x 182.0949pt.

</home/laura/Documents/Maestria/2018-1-segundoSemestre/fisica_estadistica_avanz
ada/ParteII_Johans/Tarea3/parte2/cv_images/4x4magnetizacion.png, id=201, 722.7p
t x 578.16pt>
File: /home/laura/Documents/Maestria/2018-1-segundoSemestre/fisica_estadistica_
avanzada/ParteII_Johans/Tarea3/parte2/cv_images/4x4magnetizacion.png Graphic fi
le (type png)

<use /home/laura/Documents/Maestria/2018-1-segundoSemestre/fisica_estadistica_a
vanzada/ParteII_Johans/Tarea3/parte2/cv_images/4x4magnetizacion.png>
Package pdftex.def Info: /home/laura/Documents/Maestria/2018-1-segundoSemestre/
fisica_estadistica_avanzada/ParteII_Johans/Tarea3/parte2/cv_images/4x4magnetiza
cion.png used on input line 639.
(pdftex.def)             Requested size: 227.62204pt x 182.0949pt.
Package babel Info: Redefining spanish shorthand <<
(babel)             in language  on input line 643.
Package babel Info: Redefining spanish shorthand >>
(babel)             in language  on input line 643.
Package babel Info: Redefining spanish shorthand "=
(babel)             in language  on input line 643.
Package babel Info: Redefining spanish shorthand "~
(babel)             in language  on input line 643.
Package babel Info: Redefining spanish shorthand "!
(babel)             in language  on input line 643.
Package babel Info: Redefining spanish shorthand "?
(babel)             in language  on input line 643.
Package babel Info: Redefining spanish shorthand <<
(babel)             in language  on input line 643.
Package babel Info: Redefining spanish shorthand >>
(babel)             in language  on input line 643.
Package babel Info: Redefining spanish shorthand "=
(babel)             in language  on input line 643.
Package babel Info: Redefining spanish shorthand "~
(babel)             in language  on input line 643.
Package babel Info: Redefining spanish shorthand "!
(babel)             in language  on input line 643.
Package babel Info: Redefining spanish shorthand "?
(babel)             in language  on input line 643.
 [16]
</home/laura/Documents/Maestria/2018-1-segundoSemestre/fisica_estadistica_avanz
ada/ParteII_Johans/Tarea3/parte2/cv_images/8x8energia.png, id=206, 722.7pt x 57
8.16pt>
File: /home/laura/Documents/Maestria/2018-1-segundoSemestre/fisica_estadistica_
avanzada/ParteII_Johans/Tarea3/parte2/cv_images/8x8energia.png Graphic file (ty
pe png)

<use /home/laura/Documents/Maestria/2018-1-segundoSemestre/fisica_estadistica_a
vanzada/ParteII_Johans/Tarea3/parte2/cv_images/8x8energia.png>
Package pdftex.def Info: /home/laura/Documents/Maestria/2018-1-segundoSemestre/
fisica_estadistica_avanzada/ParteII_Johans/Tarea3/parte2/cv_images/8x8energia.p
ng used on input line 647.
(pdftex.def)             Requested size: 227.62204pt x 182.0949pt.

</home/laura/Documents/Maestria/2018-1-segundoSemestre/fisica_estadistica_avanz
ada/ParteII_Johans/Tarea3/parte2/cv_images/8x8magnetizacion.png, id=207, 722.7p
t x 578.16pt>
File: /home/laura/Documents/Maestria/2018-1-segundoSemestre/fisica_estadistica_
avanzada/ParteII_Johans/Tarea3/parte2/cv_images/8x8magnetizacion.png Graphic fi
le (type png)

<use /home/laura/Documents/Maestria/2018-1-segundoSemestre/fisica_estadistica_a
vanzada/ParteII_Johans/Tarea3/parte2/cv_images/8x8magnetizacion.png>
Package pdftex.def Info: /home/laura/Documents/Maestria/2018-1-segundoSemestre/
fisica_estadistica_avanzada/ParteII_Johans/Tarea3/parte2/cv_images/8x8magnetiza
cion.png used on input line 648.
(pdftex.def)             Requested size: 227.62204pt x 182.0949pt.

</home/laura/Documents/Maestria/2018-1-segundoSemestre/fisica_estadistica_avanz
ada/ParteII_Johans/Tarea3/parte2/cv_images/16x16energia.png, id=208, 722.7pt x 
578.16pt>
File: /home/laura/Documents/Maestria/2018-1-segundoSemestre/fisica_estadistica_
avanzada/ParteII_Johans/Tarea3/parte2/cv_images/16x16energia.png Graphic file (
type png)

<use /home/laura/Documents/Maestria/2018-1-segundoSemestre/fisica_estadistica_a
vanzada/ParteII_Johans/Tarea3/parte2/cv_images/16x16energia.png>
Package pdftex.def Info: /home/laura/Documents/Maestria/2018-1-segundoSemestre/
fisica_estadistica_avanzada/ParteII_Johans/Tarea3/parte2/cv_images/16x16energia
.png used on input line 649.
(pdftex.def)             Requested size: 227.62204pt x 182.0949pt.

</home/laura/Documents/Maestria/2018-1-segundoSemestre/fisica_estadistica_avanz
ada/ParteII_Johans/Tarea3/parte2/cv_images/16x16magnetizacion.png, id=209, 722.
7pt x 578.16pt>
File: /home/laura/Documents/Maestria/2018-1-segundoSemestre/fisica_estadistica_
avanzada/ParteII_Johans/Tarea3/parte2/cv_images/16x16magnetizacion.png Graphic 
file (type png)

<use /home/laura/Documents/Maestria/2018-1-segundoSemestre/fisica_estadistica_a
vanzada/ParteII_Johans/Tarea3/parte2/cv_images/16x16magnetizacion.png>
Package pdftex.def Info: /home/laura/Documents/Maestria/2018-1-segundoSemestre/
fisica_estadistica_avanzada/ParteII_Johans/Tarea3/parte2/cv_images/16x16magneti
zacion.png used on input line 650.
(pdftex.def)             Requested size: 227.62204pt x 182.0949pt.
Package babel Info: Redefining spanish shorthand <<
(babel)             in language  on input line 654.
Package babel Info: Redefining spanish shorthand >>
(babel)             in language  on input line 654.
Package babel Info: Redefining spanish shorthand "=
(babel)             in language  on input line 654.
Package babel Info: Redefining spanish shorthand "~
(babel)             in language  on input line 654.
Package babel Info: Redefining spanish shorthand "!
(babel)             in language  on input line 654.
Package babel Info: Redefining spanish shorthand "?
(babel)             in language  on input line 654.
Package babel Info: Redefining spanish shorthand <<
(babel)             in language  on input line 654.
Package babel Info: Redefining spanish shorthand >>
(babel)             in language  on input line 654.
Package babel Info: Redefining spanish shorthand "=
(babel)             in language  on input line 654.
Package babel Info: Redefining spanish shorthand "~
(babel)             in language  on input line 654.
Package babel Info: Redefining spanish shorthand "!
(babel)             in language  on input line 654.
Package babel Info: Redefining spanish shorthand "?
(babel)             in language  on input line 654.
 [17 </home/laura/Documents/Maestria/2018-1-segundoSemestre/fisica_estadistica_
avanzada/ParteII_Johans/Tarea3/parte2/cv_images/2x2energia.png> </home/laura/Do
cuments/Maestria/2018-1-segundoSemestre/fisica_estadistica_avanzada/ParteII_Joh
ans/Tarea3/parte2/cv_images/2x2magnetizacion.png> </home/laura/Documents/Maestr
ia/2018-1-segundoSemestre/fisica_estadistica_avanzada/ParteII_Johans/Tarea3/par
te2/cv_images/4x4energia.png> </home/laura/Documents/Maestria/2018-1-segundoSem
estre/fisica_estadistica_avanzada/ParteII_Johans/Tarea3/parte2/cv_images/4x4mag
netizacion.png>]
</home/laura/Documents/Maestria/2018-1-segundoSemestre/fisica_estadistica_avanz
ada/ParteII_Johans/Tarea3/parte2/cv_images/cv_todos.png, id=224, 722.7pt x 578.
16pt>
File: /home/laura/Documents/Maestria/2018-1-segundoSemestre/fisica_estadistica_
avanzada/ParteII_Johans/Tarea3/parte2/cv_images/cv_todos.png Graphic file (type
 png)

<use /home/laura/Documents/Maestria/2018-1-segundoSemestre/fisica_estadistica_a
vanzada/ParteII_Johans/Tarea3/parte2/cv_images/cv_todos.png>
Package pdftex.def Info: /home/laura/Documents/Maestria/2018-1-segundoSemestre/
fisica_estadistica_avanzada/ParteII_Johans/Tarea3/parte2/cv_images/cv_todos.png
 used on input line 660.
(pdftex.def)             Requested size: 256.0748pt x 204.85565pt.
Package babel Info: Redefining spanish shorthand <<
(babel)             in language  on input line 664.
Package babel Info: Redefining spanish shorthand >>
(babel)             in language  on input line 664.
Package babel Info: Redefining spanish shorthand "=
(babel)             in language  on input line 664.
Package babel Info: Redefining spanish shorthand "~
(babel)             in language  on input line 664.
Package babel Info: Redefining spanish shorthand "!
(babel)             in language  on input line 664.
Package babel Info: Redefining spanish shorthand "?
(babel)             in language  on input line 664.
Package babel Info: Redefining spanish shorthand <<
(babel)             in language  on input line 664.
Package babel Info: Redefining spanish shorthand >>
(babel)             in language  on input line 664.
Package babel Info: Redefining spanish shorthand "=
(babel)             in language  on input line 664.
Package babel Info: Redefining spanish shorthand "~
(babel)             in language  on input line 664.
Package babel Info: Redefining spanish shorthand "!
(babel)             in language  on input line 664.
Package babel Info: Redefining spanish shorthand "?
(babel)             in language  on input line 664.
 [18 </home/laura/Documents/Maestria/2018-1-segundoSemestre/fisica_estadistica_
avanzada/ParteII_Johans/Tarea3/parte2/cv_images/8x8energia.png> </home/laura/Do
cuments/Maestria/2018-1-segundoSemestre/fisica_estadistica_avanzada/ParteII_Joh
ans/Tarea3/parte2/cv_images/8x8magnetizacion.png> </home/laura/Documents/Maestr
ia/2018-1-segundoSemestre/fisica_estadistica_avanzada/ParteII_Johans/Tarea3/par
te2/cv_images/16x16energia.png> </home/laura/Documents/Maestria/2018-1-segundoS
emestre/fisica_estadistica_avanzada/ParteII_Johans/Tarea3/parte2/cv_images/16x1
6magnetizacion.png>] (./informe.bbl)
runsystem(rm "informe.pyg")...executed.

Package atveryend Info: Empty hook `BeforeClearDocument' on input line 674.
Package babel Info: Redefining spanish shorthand <<
(babel)             in language  on input line 674.
Package babel Info: Redefining spanish shorthand >>
(babel)             in language  on input line 674.
Package babel Info: Redefining spanish shorthand "=
(babel)             in language  on input line 674.
Package babel Info: Redefining spanish shorthand "~
(babel)             in language  on input line 674.
Package babel Info: Redefining spanish shorthand "!
(babel)             in language  on input line 674.
Package babel Info: Redefining spanish shorthand "?
(babel)             in language  on input line 674.
Package babel Info: Redefining spanish shorthand <<
(babel)             in language  on input line 674.
Package babel Info: Redefining spanish shorthand >>
(babel)             in language  on input line 674.
Package babel Info: Redefining spanish shorthand "=
(babel)             in language  on input line 674.
Package babel Info: Redefining spanish shorthand "~
(babel)             in language  on input line 674.
Package babel Info: Redefining spanish shorthand "!
(babel)             in language  on input line 674.
Package babel Info: Redefining spanish shorthand "?
(babel)             in language  on input line 674.
 [19 </home/laura/Documents/Maestria/2018-1-segundoSemestre/fisica_estadistica_
avanzada/ParteII_Johans/Tarea3/parte2/cv_images/cv_todos.png>]
Package atveryend Info: Empty hook `AfterLastShipout' on input line 674.
(./informe.aux
LaTeX Info: Redefining \. on input line 25.
LaTeX Info: Redefining \% on input line 25.
)
Package atveryend Info: Executing hook `AtVeryEndDocument' on input line 674.
Package atveryend Info: Executing hook `AtEndAfterFileList' on input line 674.
Package rerunfilecheck Info: File `informe.out' has not changed.
(rerunfilecheck)             Checksum: 4B2400ECD4C9D3677570231ACE67D9C1;376.


LaTeX Warning: There were multiply-defined labels.

Package atveryend Info: Empty hook `AtVeryVeryEnd' on input line 674.
 ) 
Here is how much of TeX's memory you used:
 14484 strings out of 494891
 236521 string characters out of 6179040
 368167 words of memory out of 5000000
 17414 multiletter control sequences out of 15000+600000
 13087 words of font info for 51 fonts, out of 8000000 for 9000
 40 hyphenation exceptions out of 8191
 61i,11n,96p,1193b,574s stack positions out of 5000i,500n,10000p,200000b,80000s
</usr/share/texlive/texmf-dist/fonts/type1/public/amsfonts/cm/cmbx12.pfb></us
r/share/texlive/texmf-dist/fonts/type1/public/amsfonts/cm/cmex10.pfb></usr/shar
e/texlive/texmf-dist/fonts/type1/public/amsfonts/cm/cmitt10.pfb></usr/share/tex
live/texmf-dist/fonts/type1/public/amsfonts/cm/cmmi12.pfb></usr/share/texlive/t
exmf-dist/fonts/type1/public/amsfonts/cm/cmmi6.pfb></usr/share/texlive/texmf-di
st/fonts/type1/public/amsfonts/cm/cmmi8.pfb></usr/share/texlive/texmf-dist/font
s/type1/public/amsfonts/cm/cmr10.pfb></usr/share/texlive/texmf-dist/fonts/type1
/public/amsfonts/cm/cmr12.pfb></usr/share/texlive/texmf-dist/fonts/type1/public
/amsfonts/cm/cmr8.pfb></usr/share/texlive/texmf-dist/fonts/type1/public/amsfont
s/cm/cmsy10.pfb></usr/share/texlive/texmf-dist/fonts/type1/public/amsfonts/cm/c
msy8.pfb></usr/share/texlive/texmf-dist/fonts/type1/public/amsfonts/cm/cmti12.p
fb></usr/share/texlive/texmf-dist/fonts/type1/public/amsfonts/cm/cmtt12.pfb>
Output written on informe.pdf (19 pages, 1072228 bytes).
PDF statistics:
 310 PDF objects out of 1000 (max. 8388607)
 217 compressed objects within 3 object streams
 80 named destinations out of 1000 (max. 500000)
 189 words of extra memory for PDF output out of 10000 (max. 10000000)

